#
# A fatal error has been detected by the Java Runtime Environment:
#
#  SIGSEGV (0xb) at pc=0x00007f0e0892d2b2, pid=18045, tid=0x00007f0df0d27700
#
# JRE version: OpenJDK Runtime Environment (8.0_152-b01) (build 1.8.0_152-release-1024-b01)
# Java VM: OpenJDK 64-Bit Server VM (25.152-b01 mixed mode linux-amd64 compressed oops)
# Problematic frame:
# V  [libjvm.so+0x7652b2]  PhaseIdealLoop::build_loop_late(VectorSet&, Node_List&, Node_Stack&)+0xc2
#
# Failed to write core dump. Core dumps have been disabled. To enable core dumping, try "ulimit -c unlimited" before starting Java again
#
# If you would like to submit a bug report, please visit:
#   http://bugreport.java.com/bugreport/crash.jsp
#

---------------  T H R E A D  ---------------

Current thread (0x00007f0e000b8800):  JavaThread "C2 CompilerThread0" daemon [_thread_in_native, id=18057, stack(0x00007f0df0c27000,0x00007f0df0d28000)]

siginfo: si_signo: 11 (SIGSEGV), si_code: 128 (SI_KERNEL), si_addr: 0x0000000000000000

Registers:
RAX=0x00007f0dc8109060, RBX=0x00007f0dc5ae67a8, RCX=0x0000000000000000, RDX=0x0000000000000001
RSP=0x00007f0df0d22fc0, RBP=0x00007f0df0d23020, RSI=0x0000000086dfebd7, RDI=0x0000000000000040
R8 =0x00007f0dbc556638, R9 =0x013a740000726f74, R10=0x0000000000000006, R11=0x000000000000007e
R12=0x00007f0df0d230d0, R13=0x00007f0df0d230b0, R14=0x00007f0df0d248c0, R15=0x00007f0df0d23090
RIP=0x00007f0e0892d2b2, EFLAGS=0x0000000000010202, CSGSFS=0x0000000000000033, ERR=0x0000000000000000
  TRAPNO=0x000000000000000d

Top of Stack: (sp=0x00007f0df0d22fc0)
0x00007f0df0d22fc0:   00007f0df0d22fe0 00007f0df0d25278
0x00007f0df0d22fd0:   00007f0dc40a4050 0000002900000004
0x00007f0df0d22fe0:   00007f0d00000062 00007f0dc5ab3958
0x00007f0df0d22ff0:   00007f0df0d23020 00007f0e000b9090
0x00007f0df0d23000:   00007f0df0d230d0 00007f0df0d248c0
0x00007f0df0d23010:   0000000000000001 00007f0df0d230b0
0x00007f0df0d23020:   00007f0df0d23340 00007f0e0892e2fa
0x00007f0df0d23030:   0000007e000000db 0000000000000002
0x00007f0df0d23040:   0000000000000005 0000007c00000001
0x00007f0df0d23050:   00007f0df0d248e0 0000000000080220
0x00007f0df0d23060:   00007f0df0d23090 00007f0dc9107cb8
0x00007f0df0d23070:   00007f0dc90ffd20 00007f0dc90ffcd0
0x00007f0df0d23080:   0000000000000020 0000000000010010
0x00007f0df0d23090:   00007f0e09061dd0 00007f0e000b9090
0x00007f0df0d230a0:   0000000000000100 00007f0dbc3a4a40
0x00007f0df0d230b0:   00007f0dc482c910 00007f0dc483b450
0x00007f0df0d230c0:   00007f0dc482c910 00007f0e000b9090
0x00007f0df0d230d0:   00007f0e000b9090 0000000000001000
0x00007f0df0d230e0:   00007f0dc4706250 0000000000000d53
0x00007f0df0d230f0:   00007f0e000b9090 0000000000000004
0x00007f0df0d23100:   00007f0d9875fc20 00007f0e00000000
0x00007f0df0d23110:   0000000000000000 00007f0d7fffffff
0x00007f0df0d23120:   ffff80f20f2dce91 00007f0df0d2316f
0x00007f0df0d23130:   0000000000000400 0000043000001002
0x00007f0df0d23140:   0000000000000080 0000000000000010
0x00007f0df0d23150:   0000007e000000db 0000000000000002
0x00007f0df0d23160:   0000000000000000 0000007c00000079
0x00007f0df0d23170:   00007f0df0d231b0 00007f0e08a1337d
0x00007f0df0d23180:   00007f0df0d231d0 00007f0df0d260b0
0x00007f0df0d23190:   0000000000010000 00007f0dc4000020
0x00007f0df0d231a0:   0000000000010010 0000000000000000
0x00007f0df0d231b0:   000000000000000c 00007f0df0d23240 

Instructions: (pc=0x00007f0e0892d2b2)
0x00007f0e0892d292:   07 4c 89 ff ff 50 20 44 8b 53 20 31 d2 90 41 39
0x00007f0e0892d2a2:   d2 76 7b 48 8b 43 10 89 d1 83 c2 01 4c 8b 0c c8
0x00007f0e0892d2b2:   41 8b 71 28 41 3b 76 28 0f 82 90 00 00 00 49 83
0x00007f0e0892d2c2:   79 10 00 0f 84 96 00 00 00 41 8b 86 d0 09 00 00 

Register to memory mapping:

RAX=0x00007f0dc8109060 is an unknown value
RBX=0x00007f0dc5ae67a8 is an unknown value
RCX=0x0000000000000000 is an unknown value
RDX=0x0000000000000001 is an unknown value
RSP=0x00007f0df0d22fc0 is pointing into the stack for thread: 0x00007f0e000b8800
RBP=0x00007f0df0d23020 is pointing into the stack for thread: 0x00007f0e000b8800
RSI=0x0000000086dfebd7 is an unknown value
RDI=0x0000000000000040 is an unknown value
R8 =0x00007f0dbc556638 is an unknown value
R9 =0x013a740000726f74 is an unknown value
R10=0x0000000000000006 is an unknown value
R11=0x000000000000007e is an unknown value
R12=0x00007f0df0d230d0 is pointing into the stack for thread: 0x00007f0e000b8800
R13=0x00007f0df0d230b0 is pointing into the stack for thread: 0x00007f0e000b8800
R14=0x00007f0df0d248c0 is pointing into the stack for thread: 0x00007f0e000b8800
R15=0x00007f0df0d23090 is pointing into the stack for thread: 0x00007f0e000b8800


Stack: [0x00007f0df0c27000,0x00007f0df0d28000],  sp=0x00007f0df0d22fc0,  free space=1007k
Native frames: (J=compiled Java code, j=interpreted, Vv=VM code, C=native code)
V  [libjvm.so+0x7652b2]  PhaseIdealLoop::build_loop_late(VectorSet&, Node_List&, Node_Stack&)+0xc2
V  [libjvm.so+0x7662fa]  PhaseIdealLoop::build_and_optimize(bool, bool)+0x8aa
V  [libjvm.so+0x467f26]  Compile::Optimize()+0x10e6
V  [libjvm.so+0x469f1d]  Compile::Compile(ciEnv*, C2Compiler*, ciMethod*, int, bool, bool, bool)+0x109d
V  [libjvm.so+0x3c6458]  C2Compiler::compile_method(ciEnv*, ciMethod*, int)+0x1c8
V  [libjvm.so+0x472652]  CompileBroker::invoke_compiler_on_method(CompileTask*)+0x8c2
V  [libjvm.so+0x4734d8]  CompileBroker::compiler_thread_loop()+0x4e8
V  [libjvm.so+0x998d78]  JavaThread::thread_main_inner()+0xd8
V  [libjvm.so+0x850032]  java_start(Thread*)+0xf2
C  [libpthread.so.0+0x76ba]  start_thread+0xca


Current CompileTask:
C2:   2277 1788       4       sun.misc.URLClassPath::getResource (83 bytes)


---------------  P R O C E S S  ---------------

Java Threads: ( => current thread )
  0x00007f0d99404000 JavaThread "Cache worker for Artifact transforms cache (/home/osr/.gradle/caches/transforms-1)" [_thread_blocked, id=18075, stack(0x00007f0db80f4000,0x00007f0db81f5000)]
  0x00007f0d9840c800 JavaThread "Cache worker for file hash cache (/home/osr/Documents/AndroidStudioProjects/RoomDB/.gradle/4.4/fileHashes)" [_thread_blocked, id=18074, stack(0x00007f0db81f5000,0x00007f0db82f6000)]
  0x00007f0d98289800 JavaThread "File lock request listener" [_thread_in_native, id=18073, stack(0x00007f0db84f6000,0x00007f0db85f7000)]
  0x00007f0d981c4000 JavaThread "Cache worker for file hash cache (/home/osr/.gradle/caches/4.4/fileHashes)" [_thread_blocked, id=18072, stack(0x00007f0db85f7000,0x00007f0db86f8000)]
  0x00007f0d98012000 JavaThread "Stdin handler" [_thread_blocked, id=18071, stack(0x00007f0db88f8000,0x00007f0db89f9000)]
  0x00007f0d98004800 JavaThread "Asynchronous log dispatcher for DefaultDaemonConnection: socket connection from /127.0.0.1:34133 to /127.0.0.1:60324" [_thread_blocked, id=18070, stack(0x00007f0db89f9000,0x00007f0db8afa000)]
  0x00007f0dac008000 JavaThread "Daemon worker" [_thread_in_Java, id=18067, stack(0x00007f0db8afa000,0x00007f0db8bfb000)]
  0x00007f0dac00c000 JavaThread "Cancel handler" [_thread_blocked, id=18066, stack(0x00007f0db8bfb000,0x00007f0db8cfc000)]
  0x00007f0dac005800 JavaThread "Handler for socket connection from /127.0.0.1:34133 to /127.0.0.1:60324" [_thread_in_native, id=18065, stack(0x00007f0db8cfc000,0x00007f0db8dfd000)]
  0x00007f0db0041800 JavaThread "Daemon" [_thread_blocked, id=18064, stack(0x00007f0db8dfd000,0x00007f0db8efe000)]
  0x00007f0e00e8f800 JavaThread "Daemon periodic checks" [_thread_blocked, id=18063, stack(0x00007f0db8efe000,0x00007f0db8fff000)]
  0x00007f0e00e6b000 JavaThread "Incoming local TCP Connector on port 34133" [_thread_in_native, id=18062, stack(0x00007f0de80f1000,0x00007f0de81f2000)]
  0x00007f0e000d2800 JavaThread "Service Thread" daemon [_thread_blocked, id=18060, stack(0x00007f0df0924000,0x00007f0df0a25000)]
  0x00007f0e000bd000 JavaThread "C1 CompilerThread2" daemon [_thread_in_native_trans, id=18059, stack(0x00007f0df0a25000,0x00007f0df0b26000)]
  0x00007f0e000bb800 JavaThread "C2 CompilerThread1" daemon [_thread_in_native, id=18058, stack(0x00007f0df0b26000,0x00007f0df0c27000)]
=>0x00007f0e000b8800 JavaThread "C2 CompilerThread0" daemon [_thread_in_native, id=18057, stack(0x00007f0df0c27000,0x00007f0df0d28000)]
  0x00007f0e000b7000 JavaThread "Signal Dispatcher" daemon [_thread_blocked, id=18056, stack(0x00007f0e0402a000,0x00007f0e0412b000)]
  0x00007f0e00084800 JavaThread "Finalizer" daemon [_thread_blocked, id=18055, stack(0x00007f0e0412b000,0x00007f0e0422c000)]
  0x00007f0e00080000 JavaThread "Reference Handler" daemon [_thread_blocked, id=18054, stack(0x00007f0e0422c000,0x00007f0e0432d000)]
  0x00007f0e0000a800 JavaThread "main" [_thread_blocked, id=18047, stack(0x00007f0e09bd4000,0x00007f0e09cd5000)]

Other Threads:
  0x00007f0e00078000 VMThread [stack: 0x00007f0e0432d000,0x00007f0e0442e000] [id=18053]
  0x00007f0e000d5000 WatcherThread [stack: 0x00007f0df0823000,0x00007f0df0924000] [id=18061]

VM state:not at safepoint (normal execution)

VM Mutex/Monitor currently owned by a thread: None

Heap:
 PSYoungGen      total 139264K, used 101999K [0x00000000e0000000, 0x00000000f1000000, 0x0000000100000000)
  eden space 129024K, 79% used [0x00000000e0000000,0x00000000e639bd00,0x00000000e7e00000)
  from space 10240K, 0% used [0x00000000e7e00000,0x00000000e7e00000,0x00000000e8800000)
  to   space 10240K, 0% used [0x00000000f0600000,0x00000000f0600000,0x00000000f1000000)
 ParOldGen       total 98816K, used 8606K [0x00000000a0000000, 0x00000000a6080000, 0x00000000e0000000)
  object space 98816K, 8% used [0x00000000a0000000,0x00000000a08678b8,0x00000000a6080000)
 Metaspace       used 28190K, capacity 28508K, committed 28672K, reserved 1073152K
  class space    used 3957K, capacity 4095K, committed 4096K, reserved 1048576K

Card table byte_map: [0x00007f0e06759000,0x00007f0e06a5a000] byte_map_base: 0x00007f0e06259000

Marking Bits: (ParMarkBitMap*) 0x00007f0e090a2440
 Begin Bits: [0x00007f0de9000000, 0x00007f0dea800000)
 End Bits:   [0x00007f0dea800000, 0x00007f0dec000000)

Polling page: 0x00007f0e09cf6000

CodeCache: size=245760Kb used=7412Kb max_used=7424Kb free=238347Kb
 bounds [0x00007f0df1000000, 0x00007f0df1750000, 0x00007f0e00000000]
 total_blobs=2708 nmethods=2061 adapters=561
 compilation: enabled

Compilation events (10 events):
Event: 2.270 Thread 0x00007f0e000bd000 nmethod 2067 0x00007f0df1722010 code [0x00007f0df1722160, 0x00007f0df1722270]
Event: 2.270 Thread 0x00007f0e000bd000 2069       2       com.google.common.collect.ImmutableMapEntry::<init> (12 bytes)
Event: 2.270 Thread 0x00007f0e000bd000 nmethod 2069 0x00007f0df1721c50 code [0x00007f0df1721dc0, 0x00007f0df1721f68]
Event: 2.270 Thread 0x00007f0e000bd000 2068       1       org.gradle.internal.component.external.model.MavenDependencyMetadata::getModuleConfigurations (5 bytes)
Event: 2.270 Thread 0x00007f0e000bd000 nmethod 2068 0x00007f0df1721990 code [0x00007f0df1721ae0, 0x00007f0df1721bf0]
Event: 2.274 Thread 0x00007f0e000bd000 2070       2       com.esotericsoftware.kryo.io.Input::require (160 bytes)
Event: 2.274 Thread 0x00007f0e000bd000 nmethod 2070 0x00007f0df1720b10 code [0x00007f0df1720d40, 0x00007f0df1721468]
Event: 2.274 Thread 0x00007f0e000bd000 2071       2       com.google.common.collect.CollectPreconditions::checkNonnegative (37 bytes)
Event: 2.275 Thread 0x00007f0e000bd000 nmethod 2071 0x00007f0df1720310 code [0x00007f0df17204c0, 0x00007f0df17208a8]
Event: 2.275 Thread 0x00007f0e000bd000 2076       2       org.gradle.internal.component.external.model.DefaultConfigurationMetadata::include (155 bytes)

GC Heap History (8 events):
Event: 0.658 GC heap before
{Heap before GC invocations=1 (full 0):
 PSYoungGen      total 74752K, used 64512K [0x00000000e0000000, 0x00000000e5300000, 0x0000000100000000)
  eden space 64512K, 100% used [0x00000000e0000000,0x00000000e3f00000,0x00000000e3f00000)
  from space 10240K, 0% used [0x00000000e4900000,0x00000000e4900000,0x00000000e5300000)
  to   space 10240K, 0% used [0x00000000e3f00000,0x00000000e3f00000,0x00000000e4900000)
 ParOldGen       total 171008K, used 0K [0x00000000a0000000, 0x00000000aa700000, 0x00000000e0000000)
  object space 171008K, 0% used [0x00000000a0000000,0x00000000a0000000,0x00000000aa700000)
 Metaspace       used 10640K, capacity 10940K, committed 11008K, reserved 1058816K
  class space    used 1428K, capacity 1518K, committed 1536K, reserved 1048576K
Event: 0.666 GC heap after
Heap after GC invocations=1 (full 0):
 PSYoungGen      total 74752K, used 7781K [0x00000000e0000000, 0x00000000e9200000, 0x0000000100000000)
  eden space 64512K, 0% used [0x00000000e0000000,0x00000000e0000000,0x00000000e3f00000)
  from space 10240K, 75% used [0x00000000e3f00000,0x00000000e46994b8,0x00000000e4900000)
  to   space 10240K, 0% used [0x00000000e8800000,0x00000000e8800000,0x00000000e9200000)
 ParOldGen       total 171008K, used 16K [0x00000000a0000000, 0x00000000aa700000, 0x00000000e0000000)
  object space 171008K, 0% used [0x00000000a0000000,0x00000000a0004000,0x00000000aa700000)
 Metaspace       used 10640K, capacity 10940K, committed 11008K, reserved 1058816K
  class space    used 1428K, capacity 1518K, committed 1536K, reserved 1048576K
}
Event: 1.156 GC heap before
{Heap before GC invocations=2 (full 0):
 PSYoungGen      total 74752K, used 72293K [0x00000000e0000000, 0x00000000e9200000, 0x0000000100000000)
  eden space 64512K, 100% used [0x00000000e0000000,0x00000000e3f00000,0x00000000e3f00000)
  from space 10240K, 75% used [0x00000000e3f00000,0x00000000e46994b8,0x00000000e4900000)
  to   space 10240K, 0% used [0x00000000e8800000,0x00000000e8800000,0x00000000e9200000)
 ParOldGen       total 171008K, used 16K [0x00000000a0000000, 0x00000000aa700000, 0x00000000e0000000)
  object space 171008K, 0% used [0x00000000a0000000,0x00000000a0004000,0x00000000aa700000)
 Metaspace       used 16530K, capacity 16796K, committed 17152K, reserved 1064960K
  class space    used 2393K, capacity 2504K, committed 2560K, reserved 1048576K
Event: 1.185 GC heap after
Heap after GC invocations=2 (full 0):
 PSYoungGen      total 139264K, used 10214K [0x00000000e0000000, 0x00000000e9200000, 0x0000000100000000)
  eden space 129024K, 0% used [0x00000000e0000000,0x00000000e0000000,0x00000000e7e00000)
  from space 10240K, 99% used [0x00000000e8800000,0x00000000e91f9ab0,0x00000000e9200000)
  to   space 10240K, 0% used [0x00000000e7e00000,0x00000000e7e00000,0x00000000e8800000)
 ParOldGen       total 171008K, used 102K [0x00000000a0000000, 0x00000000aa700000, 0x00000000e0000000)
  object space 171008K, 0% used [0x00000000a0000000,0x00000000a0019ad8,0x00000000aa700000)
 Metaspace       used 16530K, capacity 16796K, committed 17152K, reserved 1064960K
  class space    used 2393K, capacity 2504K, committed 2560K, reserved 1048576K
}
Event: 1.410 GC heap before
{Heap before GC invocations=3 (full 0):
 PSYoungGen      total 139264K, used 31941K [0x00000000e0000000, 0x00000000e9200000, 0x0000000100000000)
  eden space 129024K, 16% used [0x00000000e0000000,0x00000000e1537bb0,0x00000000e7e00000)
  from space 10240K, 99% used [0x00000000e8800000,0x00000000e91f9ab0,0x00000000e9200000)
  to   space 10240K, 0% used [0x00000000e7e00000,0x00000000e7e00000,0x00000000e8800000)
 ParOldGen       total 171008K, used 102K [0x00000000a0000000, 0x00000000aa700000, 0x00000000e0000000)
  object space 171008K, 0% used [0x00000000a0000000,0x00000000a0019ad8,0x00000000aa700000)
 Metaspace       used 20740K, capacity 21084K, committed 21248K, reserved 1067008K
  class space    used 2901K, capacity 3016K, committed 3072K, reserved 1048576K
Event: 1.434 GC heap after
Heap after GC invocations=3 (full 0):
 PSYoungGen      total 139264K, used 8797K [0x00000000e0000000, 0x00000000f1000000, 0x0000000100000000)
  eden space 129024K, 0% used [0x00000000e0000000,0x00000000e0000000,0x00000000e7e00000)
  from space 10240K, 85% used [0x00000000e7e00000,0x00000000e8697750,0x00000000e8800000)
  to   space 10240K, 0% used [0x00000000f0600000,0x00000000f0600000,0x00000000f1000000)
 ParOldGen       total 171008K, used 110K [0x00000000a0000000, 0x00000000aa700000, 0x00000000e0000000)
  object space 171008K, 0% used [0x00000000a0000000,0x00000000a001bad8,0x00000000aa700000)
 Metaspace       used 20740K, capacity 21084K, committed 21248K, reserved 1067008K
  class space    used 2901K, capacity 3016K, committed 3072K, reserved 1048576K
}
Event: 1.434 GC heap before
{Heap before GC invocations=4 (full 1):
 PSYoungGen      total 139264K, used 8797K [0x00000000e0000000, 0x00000000f1000000, 0x0000000100000000)
  eden space 129024K, 0% used [0x00000000e0000000,0x00000000e0000000,0x00000000e7e00000)
  from space 10240K, 85% used [0x00000000e7e00000,0x00000000e8697750,0x00000000e8800000)
  to   space 10240K, 0% used [0x00000000f0600000,0x00000000f0600000,0x00000000f1000000)
 ParOldGen       total 171008K, used 110K [0x00000000a0000000, 0x00000000aa700000, 0x00000000e0000000)
  object space 171008K, 0% used [0x00000000a0000000,0x00000000a001bad8,0x00000000aa700000)
 Metaspace       used 20740K, capacity 21084K, committed 21248K, reserved 1067008K
  class space    used 2901K, capacity 3016K, committed 3072K, reserved 1048576K
Event: 1.483 GC heap after
Heap after GC invocations=4 (full 1):
 PSYoungGen      total 139264K, used 0K [0x00000000e0000000, 0x00000000f1000000, 0x0000000100000000)
  eden space 129024K, 0% used [0x00000000e0000000,0x00000000e0000000,0x00000000e7e00000)
  from space 10240K, 0% used [0x00000000e7e00000,0x00000000e7e00000,0x00000000e8800000)
  to   space 10240K, 0% used [0x00000000f0600000,0x00000000f0600000,0x00000000f1000000)
 ParOldGen       total 98816K, used 8606K [0x00000000a0000000, 0x00000000a6080000, 0x00000000e0000000)
  object space 98816K, 8% used [0x00000000a0000000,0x00000000a08678b8,0x00000000a6080000)
 Metaspace       used 20740K, capacity 21084K, committed 21248K, reserved 1067008K
  class space    used 2901K, capacity 3016K, committed 3072K, reserved 1048576K
}

Deoptimization events (10 events):
Event: 1.803 Thread 0x00007f0dac008000 Uncommon trap: reason=class_check action=maybe_recompile pc=0x00007f0df1655cd4 method=java.lang.reflect.Method.equals(Ljava/lang/Object;)Z @ 5
Event: 1.803 Thread 0x00007f0dac008000 Uncommon trap: reason=class_check action=maybe_recompile pc=0x00007f0df1655cd4 method=java.lang.reflect.Method.equals(Ljava/lang/Object;)Z @ 5
Event: 1.903 Thread 0x00007f0dac008000 Uncommon trap: reason=class_check action=maybe_recompile pc=0x00007f0df1663e3c method=sun.misc.URLClassPath.getLoader(I)Lsun/misc/URLClassPath$Loader; @ 94
Event: 1.906 Thread 0x00007f0dac008000 Uncommon trap: reason=class_check action=maybe_recompile pc=0x00007f0df1664aec method=sun.misc.URLClassPath.getLoader(I)Lsun/misc/URLClassPath$Loader; @ 239
Event: 1.907 Thread 0x00007f0dac008000 Uncommon trap: reason=class_check action=maybe_recompile pc=0x00007f0df1664aec method=sun.misc.URLClassPath.getLoader(I)Lsun/misc/URLClassPath$Loader; @ 239
Event: 1.910 Thread 0x00007f0dac008000 Uncommon trap: reason=class_check action=maybe_recompile pc=0x00007f0df1664aec method=sun.misc.URLClassPath.getLoader(I)Lsun/misc/URLClassPath$Loader; @ 239
Event: 1.945 Thread 0x00007f0dac008000 Uncommon trap: reason=class_check action=maybe_recompile pc=0x00007f0df165ca04 method=sun.misc.URLClassPath.getLoader(I)Lsun/misc/URLClassPath$Loader; @ 239
Event: 1.957 Thread 0x00007f0dac008000 Uncommon trap: reason=unstable_if action=reinterpret pc=0x00007f0df125de6c method=java.io.UnixFileSystem.resolve(Ljava/lang/String;Ljava/lang/String;)Ljava/lang/String; @ 18
Event: 2.190 Thread 0x00007f0dac008000 Uncommon trap: reason=unstable_if action=reinterpret pc=0x00007f0df12249bc method=java.net.URI.match(CJJ)Z @ 45
Event: 2.190 Thread 0x00007f0dac008000 Uncommon trap: reason=unstable_if action=reinterpret pc=0x00007f0df11621ac method=java.net.URI.match(CJJ)Z @ 19

Classes redefined (0 events):
No events

Internal exceptions (10 events):
Event: 1.986 Thread 0x00007f0dac008000 Exception <a 'java/lang/ClassNotFoundException': org/gradle/api/internal/DefaultDomainObjectCollectionCustomizer> (0x00000000e37f7810) thrown at [/usr/local/google/home/ralucas/source/AOSP-openjdk-git/jdk8u/hotspot/src/share/vm/classfile/systemDictionary.
Event: 1.989 Thread 0x00007f0dac008000 Exception <a 'java/lang/ClassNotFoundException': org/gradle/api/internal/DefaultNamedDomainObjectCollectionCustomizer> (0x00000000e384c9e0) thrown at [/usr/local/google/home/ralucas/source/AOSP-openjdk-git/jdk8u/hotspot/src/share/vm/classfile/systemDictio
Event: 1.991 Thread 0x00007f0dac008000 Exception <a 'java/lang/ClassNotFoundException': org/gradle/api/internal/DefaultNamedDomainObjectListCustomizer> (0x00000000e38a36d0) thrown at [/usr/local/google/home/ralucas/source/AOSP-openjdk-git/jdk8u/hotspot/src/share/vm/classfile/systemDictionary.c
Event: 1.993 Thread 0x00007f0dac008000 Exception <a 'java/lang/ClassNotFoundException': org/gradle/api/internal/artifacts/DefaultArtifactRepositoryContainerCustomizer> (0x00000000e390e7b0) thrown at [/usr/local/google/home/ralucas/source/AOSP-openjdk-git/jdk8u/hotspot/src/share/vm/classfile/sy
Event: 1.995 Thread 0x00007f0dac008000 Exception <a 'java/lang/ClassNotFoundException': org/gradle/api/internal/artifacts/dsl/DefaultRepositoryHandlerCustomizer> (0x00000000e396bf78) thrown at [/usr/local/google/home/ralucas/source/AOSP-openjdk-git/jdk8u/hotspot/src/share/vm/classfile/systemDi
Event: 1.998 Thread 0x00007f0dac008000 Exception <a 'java/lang/ClassNotFoundException': org/gradle/api/internal/artifacts/dsl/DefaultRepositoryHandler_DecoratedCustomizer> (0x00000000e39d2040) thrown at [/usr/local/google/home/ralucas/source/AOSP-openjdk-git/jdk8u/hotspot/src/share/vm/classfil
Event: 2.143 Thread 0x00007f0dac008000 Exception <a 'java/lang/ClassNotFoundException': org/gradle/api/internal/artifacts/dsl/dependencies/DefaultDependencyHandler_DecoratedBeanInfo> (0x00000000e4caee08) thrown at [/usr/local/google/home/ralucas/source/AOSP-openjdk-git/jdk8u/hotspot/src/share/
Event: 2.144 Thread 0x00007f0dac008000 Exception <a 'java/lang/ClassNotFoundException': org/gradle/api/internal/artifacts/dsl/dependencies/DefaultDependencyHandlerBeanInfo> (0x00000000e4cf75f8) thrown at [/usr/local/google/home/ralucas/source/AOSP-openjdk-git/jdk8u/hotspot/src/share/vm/classfi
Event: 2.145 Thread 0x00007f0dac008000 Exception <a 'java/lang/ClassNotFoundException': org/gradle/api/internal/artifacts/dsl/dependencies/DefaultDependencyHandlerCustomizer> (0x00000000e4d40be8) thrown at [/usr/local/google/home/ralucas/source/AOSP-openjdk-git/jdk8u/hotspot/src/share/vm/class
Event: 2.147 Thread 0x00007f0dac008000 Exception <a 'java/lang/ClassNotFoundException': org/gradle/api/internal/artifacts/dsl/dependencies/DefaultDependencyHandler_DecoratedCustomizer> (0x00000000e4dae900) thrown at [/usr/local/google/home/ralucas/source/AOSP-openjdk-git/jdk8u/hotspot/src/shar

Events (10 events):
Event: 2.271 loading class org/gradle/api/internal/artifacts/DefaultComponentSelection
Event: 2.271 loading class org/gradle/api/internal/artifacts/DefaultComponentSelection done
Event: 2.271 loading class org/gradle/api/internal/artifacts/ivyservice/ivyresolve/RepositoryChainComponentMetaDataResolver$1
Event: 2.271 loading class org/gradle/api/internal/artifacts/ivyservice/ivyresolve/RepositoryChainComponentMetaDataResolver$1 done
Event: 2.272 loading class org/gradle/api/internal/artifacts/ivyservice/ivyresolve/RepositoryChainModuleResolution
Event: 2.272 loading class org/gradle/api/internal/artifacts/ivyservice/ivyresolve/RepositoryChainModuleResolution done
Event: 2.272 loading class org/gradle/internal/resolve/ResolveExceptionAnalyzer
Event: 2.272 loading class org/gradle/internal/resolve/ResolveExceptionAnalyzer done
Event: 2.272 loading class org/gradle/api/internal/artifacts/ivyservice/ivyresolve/RepositoryChainModuleSource
Event: 2.272 loading class org/gradle/api/internal/artifacts/ivyservice/ivyresolve/RepositoryChainModuleSource done


Dynamic libraries:
00400000-00401000 r-xp 00000000 08:02 2104053                            /home/osr/bin/android-studio/jre/bin/java
00600000-00601000 r--p 00000000 08:02 2104053                            /home/osr/bin/android-studio/jre/bin/java
00601000-00602000 rw-p 00001000 08:02 2104053                            /home/osr/bin/android-studio/jre/bin/java
02075000-02096000 rw-p 00000000 00:00 0                                  [heap]
a0000000-a6080000 rw-p 00000000 00:00 0 
a6080000-e0000000 ---p 00000000 00:00 0 
e0000000-f1000000 rw-p 00000000 00:00 0 
f1000000-100000000 ---p 00000000 00:00 0 
100000000-100400000 rw-p 00000000 00:00 0 
100400000-140000000 ---p 00000000 00:00 0 
7f0d80000000-7f0d80021000 rw-p 00000000 00:00 0 
7f0d80021000-7f0d84000000 ---p 00000000 00:00 0 
7f0d87559000-7f0d87759000 rw-p 00000000 00:00 0 
7f0d87759000-7f0d87959000 rw-p 00000000 00:00 0 
7f0d87959000-7f0d87b59000 rw-p 00000000 00:00 0 
7f0d87c00000-7f0d87e00000 rw-p 00000000 00:00 0 
7f0d87e00000-7f0d88000000 rw-p 00000000 00:00 0 
7f0d88000000-7f0d88021000 rw-p 00000000 00:00 0 
7f0d88021000-7f0d8c000000 ---p 00000000 00:00 0 
7f0d8c000000-7f0d8c021000 rw-p 00000000 00:00 0 
7f0d8c021000-7f0d90000000 ---p 00000000 00:00 0 
7f0d90000000-7f0d90021000 rw-p 00000000 00:00 0 
7f0d90021000-7f0d94000000 ---p 00000000 00:00 0 
7f0d94000000-7f0d940eb000 rw-p 00000000 00:00 0 
7f0d940eb000-7f0d98000000 ---p 00000000 00:00 0 
7f0d98000000-7f0d99555000 rw-p 00000000 00:00 0 
7f0d99555000-7f0d9c000000 ---p 00000000 00:00 0 
7f0d9c000000-7f0d9c021000 rw-p 00000000 00:00 0 
7f0d9c021000-7f0da0000000 ---p 00000000 00:00 0 
7f0da0000000-7f0da0024000 rw-p 00000000 00:00 0 
7f0da0024000-7f0da4000000 ---p 00000000 00:00 0 
7f0da4000000-7f0da4021000 rw-p 00000000 00:00 0 
7f0da4021000-7f0da8000000 ---p 00000000 00:00 0 
7f0da8000000-7f0da8021000 rw-p 00000000 00:00 0 
7f0da8021000-7f0dac000000 ---p 00000000 00:00 0 
7f0dac000000-7f0dac021000 rw-p 00000000 00:00 0 
7f0dac021000-7f0db0000000 ---p 00000000 00:00 0 
7f0db0000000-7f0db0076000 rw-p 00000000 00:00 0 
7f0db0076000-7f0db4000000 ---p 00000000 00:00 0 
7f0db4000000-7f0db4021000 rw-p 00000000 00:00 0 
7f0db4021000-7f0db8000000 ---p 00000000 00:00 0 
7f0db80f4000-7f0db80f7000 ---p 00000000 00:00 0 
7f0db80f7000-7f0db81f5000 rw-p 00000000 00:00 0 
7f0db81f5000-7f0db81f8000 ---p 00000000 00:00 0 
7f0db81f8000-7f0db84f6000 rw-p 00000000 00:00 0 
7f0db84f6000-7f0db84f9000 ---p 00000000 00:00 0 
7f0db84f9000-7f0db85f7000 rw-p 00000000 00:00 0 
7f0db85f7000-7f0db85fa000 ---p 00000000 00:00 0 
7f0db85fa000-7f0db88f8000 rw-p 00000000 00:00 0 
7f0db88f8000-7f0db88fb000 ---p 00000000 00:00 0 
7f0db88fb000-7f0db89f9000 rw-p 00000000 00:00 0 
7f0db89f9000-7f0db89fc000 ---p 00000000 00:00 0 
7f0db89fc000-7f0db8afa000 rw-p 00000000 00:00 0 
7f0db8afa000-7f0db8afd000 ---p 00000000 00:00 0 
7f0db8afd000-7f0db8bfb000 rw-p 00000000 00:00 0 
7f0db8bfb000-7f0db8bfe000 ---p 00000000 00:00 0 
7f0db8bfe000-7f0db8cfc000 rw-p 00000000 00:00 0 
7f0db8cfc000-7f0db8cff000 ---p 00000000 00:00 0 
7f0db8cff000-7f0db8dfd000 rw-p 00000000 00:00 0 
7f0db8dfd000-7f0db8e00000 ---p 00000000 00:00 0 
7f0db8e00000-7f0db8efe000 rw-p 00000000 00:00 0 
7f0db8efe000-7f0db8f01000 ---p 00000000 00:00 0 
7f0db8f01000-7f0dbc000000 rw-p 00000000 00:00 0 
7f0dbc000000-7f0dbc8b1000 rw-p 00000000 00:00 0 
7f0dbc8b1000-7f0dc0000000 ---p 00000000 00:00 0 
7f0dc0000000-7f0dc0021000 rw-p 00000000 00:00 0 
7f0dc0021000-7f0dc4000000 ---p 00000000 00:00 0 
7f0dc4000000-7f0dc5ef8000 rw-p 00000000 00:00 0 
7f0dc5ef8000-7f0dc8000000 ---p 00000000 00:00 0 
7f0dc8000000-7f0dc9ae8000 rw-p 00000000 00:00 0 
7f0dc9ae8000-7f0dcc000000 ---p 00000000 00:00 0 
7f0dcc000000-7f0dcc021000 rw-p 00000000 00:00 0 
7f0dcc021000-7f0dd0000000 ---p 00000000 00:00 0 
7f0dd0000000-7f0dd0021000 rw-p 00000000 00:00 0 
7f0dd0021000-7f0dd4000000 ---p 00000000 00:00 0 
7f0dd4000000-7f0dd4021000 rw-p 00000000 00:00 0 
7f0dd4021000-7f0dd8000000 ---p 00000000 00:00 0 
7f0dd8000000-7f0dd8021000 rw-p 00000000 00:00 0 
7f0dd8021000-7f0ddc000000 ---p 00000000 00:00 0 
7f0ddc000000-7f0ddc021000 rw-p 00000000 00:00 0 
7f0ddc021000-7f0de0000000 ---p 00000000 00:00 0 
7f0de0000000-7f0de0021000 rw-p 00000000 00:00 0 
7f0de0021000-7f0de4000000 ---p 00000000 00:00 0 
7f0de4000000-7f0de4021000 rw-p 00000000 00:00 0 
7f0de4021000-7f0de8000000 ---p 00000000 00:00 0 
7f0de8071000-7f0de80ea000 r--s 010fd000 08:02 2104047                    /home/osr/bin/android-studio/jre/lib/tools.jar
7f0de80ea000-7f0de80f1000 r--s 00000000 08:02 12716985                   /usr/lib/x86_64-linux-gnu/gconv/gconv-modules.cache
7f0de80f1000-7f0de80f4000 ---p 00000000 00:00 0 
7f0de80f4000-7f0de81f2000 rw-p 00000000 00:00 0 
7f0de81f2000-7f0de81f7000 r--s 0009a000 08:02 2229992                    /home/osr/bin/android-studio/jre/jre/lib/jsse.jar
7f0de81f7000-7f0de83f7000 rw-p 00000000 00:00 0 
7f0de83f7000-7f0de8400000 r-xp 00000000 08:02 2754055                    /home/osr/bin/android-studio/jre/jre/lib/amd64/libmanagement.so
7f0de8400000-7f0de85ff000 ---p 00009000 08:02 2754055                    /home/osr/bin/android-studio/jre/jre/lib/amd64/libmanagement.so
7f0de85ff000-7f0de8600000 r--p 00008000 08:02 2754055                    /home/osr/bin/android-studio/jre/jre/lib/amd64/libmanagement.so
7f0de8600000-7f0de8601000 rw-p 00009000 08:02 2754055                    /home/osr/bin/android-studio/jre/jre/lib/amd64/libmanagement.so
7f0de8601000-7f0de8603000 r--s 00007000 08:02 2755364                    /home/osr/.gradle/wrapper/dists/gradle-4.4-all/9br9xq1tocpiv8o6njlyu5op1/gradle-4.4/lib/plugins/gradle-tooling-api-builders-4.4.jar
7f0de8603000-7f0de8607000 r--s 00014000 08:02 2755349                    /home/osr/.gradle/wrapper/dists/gradle-4.4-all/9br9xq1tocpiv8o6njlyu5op1/gradle-4.4/lib/plugins/gradle-testing-native-4.4.jar
7f0de8607000-7f0de8609000 r--s 00009000 08:02 2755453                    /home/osr/.gradle/wrapper/dists/gradle-4.4-all/9br9xq1tocpiv8o6njlyu5op1/gradle-4.4/lib/plugins/hamcrest-core-1.3.jar
7f0de8609000-7f0de860e000 r--s 0005a000 08:02 2755410                    /home/osr/.gradle/wrapper/dists/gradle-4.4-all/9br9xq1tocpiv8o6njlyu5op1/gradle-4.4/lib/plugins/bsh-2.0b6.jar
7f0de860e000-7f0de8610000 r--s 00006000 08:02 2755449                    /home/osr/.gradle/wrapper/dists/gradle-4.4-all/9br9xq1tocpiv8o6njlyu5op1/gradle-4.4/lib/plugins/jcommander-1.12.jar
7f0de8610000-7f0de8616000 r--s 00033000 08:02 2755450                    /home/osr/.gradle/wrapper/dists/gradle-4.4-all/9br9xq1tocpiv8o6njlyu5op1/gradle-4.4/lib/plugins/snakeyaml-1.6.jar
7f0de8616000-7f0de861f000 r--s 00089000 08:02 2755408                    /home/osr/.gradle/wrapper/dists/gradle-4.4-all/9br9xq1tocpiv8o6njlyu5op1/gradle-4.4/lib/plugins/testng-6.3.1.jar
7f0de861f000-7f0de8627000 r--s 00045000 08:02 2755409                    /home/osr/.gradle/wrapper/dists/gradle-4.4-all/9br9xq1tocpiv8o6njlyu5op1/gradle-4.4/lib/plugins/junit-4.12.jar
7f0de8627000-7f0de862b000 r--s 00019000 08:02 2755370                    /home/osr/.gradle/wrapper/dists/gradle-4.4-all/9br9xq1tocpiv8o6njlyu5op1/gradle-4.4/lib/plugins/gradle-testing-jvm-4.4.jar
7f0de862b000-7f0de8633000 r--s 00030000 08:02 2755376                    /home/osr/.gradle/wrapper/dists/gradle-4.4-all/9br9xq1tocpiv8o6njlyu5op1/gradle-4.4/lib/plugins/gradle-testing-base-4.4.jar
7f0de8633000-7f0de863a000 r--s 00043000 08:02 2755403                    /home/osr/.gradle/wrapper/dists/gradle-4.4-all/9br9xq1tocpiv8o6njlyu5op1/gradle-4.4/lib/plugins/bcpg-jdk15on-1.58.jar
7f0de863a000-7f0de863c000 r--s 0000c000 08:02 2755347                    /home/osr/.gradle/wrapper/dists/gradle-4.4-all/9br9xq1tocpiv8o6njlyu5op1/gradle-4.4/lib/plugins/gradle-signing-4.4.jar
7f0de863c000-7f0de863e000 r--s 00007000 08:02 2755355                    /home/osr/.gradle/wrapper/dists/gradle-4.4-all/9br9xq1tocpiv8o6njlyu5op1/gradle-4.4/lib/plugins/gradle-scala-4.4.jar
7f0de863e000-7f0de863f000 r--s 00004000 08:02 2755386                    /home/osr/.gradle/wrapper/dists/gradle-4.4-all/9br9xq1tocpiv8o6njlyu5op1/gradle-4.4/lib/plugins/gradle-resources-sftp-4.4.jar
7f0de863f000-7f0de864d000 r--s 00087000 08:02 2755418                    /home/osr/.gradle/wrapper/dists/gradle-4.4-all/9br9xq1tocpiv8o6njlyu5op1/gradle-4.4/lib/plugins/aws-java-sdk-core-1.11.6.jar
7f0de864d000-7f0de8654000 r--s 00057000 08:02 2755417                    /home/osr/.gradle/wrapper/dists/gradle-4.4-all/9br9xq1tocpiv8o6njlyu5op1/gradle-4.4/lib/plugins/aws-java-sdk-kms-1.11.6.jar
7f0de8654000-7f0de8661000 r--s 0008e000 08:02 2755416                    /home/osr/.gradle/wrapper/dists/gradle-4.4-all/9br9xq1tocpiv8o6njlyu5op1/gradle-4.4/lib/plugins/aws-java-sdk-s3-1.11.6.jar
7f0de8661000-7f0de8663000 r--s 00004000 08:02 2755381                    /home/osr/.gradle/wrapper/dists/gradle-4.4-all/9br9xq1tocpiv8o6njlyu5op1/gradle-4.4/lib/plugins/gradle-resources-s3-4.4.jar
7f0de8663000-7f0de8673000 r--s 00088000 08:02 2755422                    /home/osr/.gradle/wrapper/dists/gradle-4.4-all/9br9xq1tocpiv8o6njlyu5op1/gradle-4.4/lib/plugins/joda-time-2.8.2.jar
7f0de8673000-7f0de8685000 r--s 0011e000 08:02 2755421                    /home/osr/.gradle/wrapper/dists/gradle-4.4-all/9br9xq1tocpiv8o6njlyu5op1/gradle-4.4/lib/plugins/jackson-databind-2.8.9.jar
7f0de8685000-7f0de8688000 r--s 0000b000 08:02 2755420                    /home/osr/.gradle/wrapper/dists/gradle-4.4-all/9br9xq1tocpiv8o6njlyu5op1/gradle-4.4/lib/plugins/jackson-annotations-2.8.9.jar
7f0de8688000-7f0de868c000 r--s 00042000 08:02 2755419                    /home/osr/.gradle/wrapper/dists/gradle-4.4-all/9br9xq1tocpiv8o6njlyu5op1/gradle-4.4/lib/plugins/jackson-core-2.8.9.jar
7f0de868c000-7f0de868d000 r--s 00001000 08:02 2755393                    /home/osr/.gradle/wrapper/dists/gradle-4.4-all/9br9xq1tocpiv8o6njlyu5op1/gradle-4.4/lib/plugins/google-http-client-jackson2-1.22.0.jar
7f0de868d000-7f0de8696000 r--s 0004f000 08:02 2755394                    /home/osr/.gradle/wrapper/dists/gradle-4.4-all/9br9xq1tocpiv8o6njlyu5op1/gradle-4.4/lib/plugins/google-http-client-1.22.0.jar
7f0de8696000-7f0de8698000 r--s 0000d000 08:02 2755392                    /home/osr/.gradle/wrapper/dists/gradle-4.4-all/9br9xq1tocpiv8o6njlyu5op1/gradle-4.4/lib/plugins/google-oauth-client-1.22.0.jar
7f0de8698000-7f0de869d000 r--s 0002c000 08:02 2755391                    /home/osr/.gradle/wrapper/dists/gradle-4.4-all/9br9xq1tocpiv8o6njlyu5op1/gradle-4.4/lib/plugins/google-api-client-1.22.0.jar
7f0de869d000-7f0de86a0000 r--s 00016000 08:02 2755390                    /home/osr/.gradle/wrapper/dists/gradle-4.4-all/9br9xq1tocpiv8o6njlyu5op1/gradle-4.4/lib/plugins/google-api-services-storage-v1-rev78-1.22.0.jar
7f0de86a0000-7f0de86a2000 r--s 00003000 08:02 2755382                    /home/osr/.gradle/wrapper/dists/gradle-4.4-all/9br9xq1tocpiv8o6njlyu5op1/gradle-4.4/lib/plugins/gradle-resources-gcs-4.4.jar
7f0de86a2000-7f0de86a4000 r--s 00010000 08:02 2755377                    /home/osr/.gradle/wrapper/dists/gradle-4.4-all/9br9xq1tocpiv8o6njlyu5op1/gradle-4.4/lib/plugins/gradle-reporting-4.4.jar
7f0de86a4000-7f0de86a6000 r--s 00005000 08:02 2755378                    /home/osr/.gradle/wrapper/dists/gradle-4.4-all/9br9xq1tocpiv8o6njlyu5op1/gradle-4.4/lib/plugins/gradle-publish-4.4.jar
7f0de86a6000-7f0de86a8000 r--s 00009000 08:02 2755396                    /home/osr/.gradle/wrapper/dists/gradle-4.4-all/9br9xq1tocpiv8o6njlyu5op1/gradle-4.4/lib/plugins/commons-cli-1.2.jar
7f0de86a8000-7f0de86ae000 r--s 00038000 08:02 2755363                    /home/osr/.gradle/wrapper/dists/gradle-4.4-all/9br9xq1tocpiv8o6njlyu5op1/gradle-4.4/lib/plugins/gradle-plugins-4.4.jar
7f0de86ae000-7f0de86b0000 r--s 00009000 08:02 2755351                    /home/osr/.gradle/wrapper/dists/gradle-4.4-all/9br9xq1tocpiv8o6njlyu5op1/gradle-4.4/lib/plugins/gradle-plugin-development-4.4.jar
7f0de86b0000-7f0de86b7000 r--s 0002e000 08:02 2755358                    /home/osr/.gradle/wrapper/dists/gradle-4.4-all/9br9xq1tocpiv8o6njlyu5op1/gradle-4.4/lib/plugins/gradle-platform-play-4.4.jar
7f0de86b7000-7f0de86c8000 r--s 00069000 08:02 2755374                    /home/osr/.gradle/wrapper/dists/gradle-4.4-all/9br9xq1tocpiv8o6njlyu5op1/gradle-4.4/lib/plugins/gradle-platform-native-4.4.jar
7f0de86c8000-7f0de86cc000 r--s 0001b000 08:02 2755373                    /home/osr/.gradle/wrapper/dists/gradle-4.4-all/9br9xq1tocpiv8o6njlyu5op1/gradle-4.4/lib/plugins/gradle-platform-jvm-4.4.jar
7f0de86cc000-7f0de86d3000 r--s 00028000 08:02 2755379                    /home/osr/.gradle/wrapper/dists/gradle-4.4-all/9br9xq1tocpiv8o6njlyu5op1/gradle-4.4/lib/plugins/gradle-platform-base-4.4.jar
7f0de86d3000-7f0de86fe000 r--s 00247000 08:02 2755397                    /home/osr/.gradle/wrapper/dists/gradle-4.4-all/9br9xq1tocpiv8o6njlyu5op1/gradle-4.4/lib/plugins/biz.aQute.bndlib-3.4.0.jar
7f0de86fe000-7f0de86ff000 r--s 00004000 08:02 2755346                    /home/osr/.gradle/wrapper/dists/gradle-4.4-all/9br9xq1tocpiv8o6njlyu5op1/gradle-4.4/lib/plugins/gradle-osgi-4.4.jar
7f0de86ff000-7f0de8702000 r--s 0000c000 08:02 2755400                    /home/osr/.gradle/wrapper/dists/gradle-4.4-all/9br9xq1tocpiv8o6njlyu5op1/gradle-4.4/lib/plugins/pmaven-groovy-0.8-20100325.jar
7f0de8702000-7f0de8703000 r--s 00004000 08:02 2755399                    /home/osr/.gradle/wrapper/dists/gradle-4.4-all/9br9xq1tocpiv8o6njlyu5op1/gradle-4.4/lib/plugins/pmaven-common-0.8-20100325.jar
7f0de8703000-7f0de8709000 r--s 00025000 08:02 2755352                    /home/osr/.gradle/wrapper/dists/gradle-4.4-all/9br9xq1tocpiv8o6njlyu5op1/gradle-4.4/lib/plugins/gradle-maven-4.4.jar
7f0de8709000-7f0de870c000 r--s 0000b000 08:02 2755369                    /home/osr/.gradle/wrapper/dists/gradle-4.4-all/9br9xq1tocpiv8o6njlyu5op1/gradle-4.4/lib/plugins/gradle-language-scala-4.4.jar
7f0de870c000-7f0de8715000 r--s 00036000 08:02 2755350                    /home/osr/.gradle/wrapper/dists/gradle-4.4-all/9br9xq1tocpiv8o6njlyu5op1/gradle-4.4/lib/plugins/gradle-language-native-4.4.jar
7f0de8715000-7f0de8717000 r--s 00005000 08:02 2755372                    /home/osr/.gradle/wrapper/dists/gradle-4.4-all/9br9xq1tocpiv8o6njlyu5op1/gradle-4.4/lib/plugins/gradle-language-jvm-4.4.jar
7f0de8717000-7f0de871e000 r--s 00030000 08:02 2755371                    /home/osr/.gradle/wrapper/dists/gradle-4.4-all/9br9xq1tocpiv8o6njlyu5op1/gradle-4.4/lib/plugins/gradle-language-java-4.4.jar
7f0de871e000-7f0de8721000 r--s 0000a000 08:02 2755368                    /home/osr/.gradle/wrapper/dists/gradle-4.4-all/9br9xq1tocpiv8o6njlyu5op1/gradle-4.4/lib/plugins/gradle-language-groovy-4.4.jar
7f0de8721000-7f0de8728000 r--s 00035000 08:02 2755406                    /home/osr/.gradle/wrapper/dists/gradle-4.4-all/9br9xq1tocpiv8o6njlyu5op1/gradle-4.4/lib/plugins/simple-4.1.21.jar
7f0de8728000-7f0de8734000 r--s 00100000 08:02 2755404                    /home/osr/.gradle/wrapper/dists/gradle-4.4-all/9br9xq1tocpiv8o6njlyu5op1/gradle-4.4/lib/plugins/rhino-1.7R3.jar
7f0de8734000-7f0de8738000 r--s 00011000 08:02 2755359                    /home/osr/.gradle/wrapper/dists/gradle-4.4-all/9br9xq1tocpiv8o6njlyu5op1/gradle-4.4/lib/plugins/gradle-javascript-4.4.jar
7f0de8738000-7f0de873b000 r--s 00011000 08:02 2755361                    /home/osr/.gradle/wrapper/dists/gradle-4.4-all/9br9xq1tocpiv8o6njlyu5op1/gradle-4.4/lib/plugins/gradle-jacoco-4.4.jar
7f0de873b000-7f0de873f000 r--s 0000e000 08:02 2755360                    /home/osr/.gradle/wrapper/dists/gradle-4.4-all/9br9xq1tocpiv8o6njlyu5op1/gradle-4.4/lib/plugins/gradle-ivy-4.4.jar
7f0de873f000-7f0de8740000 r--s 00002000 08:02 2755353                    /home/osr/.gradle/wrapper/dists/gradle-4.4-all/9br9xq1tocpiv8o6njlyu5op1/gradle-4.4/lib/plugins/gradle-ide-play-4.4.jar
7f0de8740000-7f0de8741000 r--s 00011000 08:02 2755407                    /home/osr/.gradle/wrapper/dists/gradle-4.4-all/9br9xq1tocpiv8o6njlyu5op1/gradle-4.4/lib/plugins/dd-plist-1.20.jar
7f0de8741000-7f0de8747000 r--s 00027000 08:02 2755348                    /home/osr/.gradle/wrapper/dists/gradle-4.4-all/9br9xq1tocpiv8o6njlyu5op1/gradle-4.4/lib/plugins/gradle-ide-native-4.4.jar
7f0de8747000-7f0de8751000 r--s 00056000 08:02 2755354                    /home/osr/.gradle/wrapper/dists/gradle-4.4-all/9br9xq1tocpiv8o6njlyu5op1/gradle-4.4/lib/plugins/gradle-ide-4.4.jar
7f0de8751000-7f0de8753000 r--s 00007000 08:02 2755357                    /home/osr/.gradle/wrapper/dists/gradle-4.4-all/9br9xq1tocpiv8o6njlyu5op1/gradle-4.4/lib/plugins/gradle-ear-4.4.jar
7f0de8753000-7f0de8755000 r--s 00005000 08:02 2755389                    /home/osr/.gradle/wrapper/dists/gradle-4.4-all/9br9xq1tocpiv8o6njlyu5op1/gradle-4.4/lib/plugins/jatl-0.2.2.jar
7f0de8755000-7f0de875b000 r--s 00039000 08:02 2755375                    /home/osr/.gradle/wrapper/dists/gradle-4.4-all/9br9xq1tocpiv8o6njlyu5op1/gradle-4.4/lib/plugins/gradle-diagnostics-4.4.jar
7f0de875b000-7f0de875d000 r--s 0000b000 08:02 2755366                    /home/osr/.gradle/wrapper/dists/gradle-4.4-all/9br9xq1tocpiv8o6njlyu5op1/gradle-4.4/lib/plugins/gradle-composite-builds-4.4.jar
7f0de875d000-7f0de8762000 r--s 00026000 08:02 2755344                    /home/osr/.gradle/wrapper/dists/gradle-4.4-all/9br9xq1tocpiv8o6njlyu5op1/gradle-4.4/lib/plugins/gradle-code-quality-4.4.jar
7f0de8762000-7f0de8767000 r--s 00022000 08:02 2755362                    /home/osr/.gradle/wrapper/dists/gradle-4.4-all/9br9xq1tocpiv8o6njlyu5op1/gradle-4.4/lib/plugins/gradle-build-init-4.4.jar
7f0de8767000-7f0de876e000 r--s 0005d000 08:02 2755356                    /home/osr/.gradle/wrapper/dists/gradle-4.4-all/9br9xq1tocpiv8o6njlyu5op1/gradle-4.4/lib/plugins/gradle-build-comparison-4.4.jar
7f0de876e000-7f0de876f000 r--s 00002000 08:02 2755383                    /home/osr/.gradle/wrapper/dists/gradle-4.4-all/9br9xq1tocpiv8o6njlyu5op1/gradle-4.4/lib/plugins/gradle-build-cache-http-4.4.jar
7f0de876f000-7f0de8771000 r--s 00008000 08:02 2755345                    /home/osr/.gradle/wrapper/dists/gradle-4.4-all/9br9xq1tocpiv8o6njlyu5op1/gradle-4.4/lib/plugins/gradle-antlr-4.4.jar
7f0de8771000-7f0de8773000 r--s 00004000 08:02 2755367                    /home/osr/.gradle/wrapper/dists/gradle-4.4-all/9br9xq1tocpiv8o6njlyu5op1/gradle-4.4/lib/plugins/gradle-announce-4.4.jar
7f0de8773000-7f0de8775000 r--s 00009000 08:02 2755276                    /home/osr/.gradle/wrapper/dists/gradle-4.4-all/9br9xq1tocpiv8o6njlyu5op1/gradle-4.4/lib/gradle-kotlin-dsl-tooling-builders-0.13.1.jar
7f0de8775000-7f0de8778000 r--s 0000b000 08:02 2755380                    /home/osr/.gradle/wrapper/dists/gradle-4.4-all/9br9xq1tocpiv8o6njlyu5op1/gradle-4.4/lib/plugins/gradle-plugin-use-4.4.jar
7f0de8778000-7f0de8779000 r--s 00000000 08:02 2755285                    /home/osr/.gradle/wrapper/dists/gradle-4.4-all/9br9xq1tocpiv8o6njlyu5op1/gradle-4.4/lib/gradle-runtime-api-info-4.4.jar
7f0de8779000-7f0de877c000 r--s 0001c000 08:02 2755412                    /home/osr/.gradle/wrapper/dists/gradle-4.4-all/9br9xq1tocpiv8o6njlyu5op1/gradle-4.4/lib/plugins/nekohtml-1.9.14.jar
7f0de877c000-7f0de8795000 r--s 00135000 08:02 2755413                    /home/osr/.gradle/wrapper/dists/gradle-4.4-all/9br9xq1tocpiv8o6njlyu5op1/gradle-4.4/lib/plugins/xercesImpl-2.11.0.jar
7f0de8795000-7f0de8798000 r--s 0000c000 08:02 2755385                    /home/osr/.gradle/wrapper/dists/gradle-4.4-all/9br9xq1tocpiv8o6njlyu5op1/gradle-4.4/lib/plugins/gradle-resources-http-4.4.jar
7f0de8798000-7f0de879f000 r--s 00049000 08:02 2755451                    /home/osr/.gradle/wrapper/dists/gradle-4.4-all/9br9xq1tocpiv8o6njlyu5op1/gradle-4.4/lib/plugins/httpcore-4.4.4.jar
7f0de879f000-7f0de87a5000 r--s 00033000 08:02 2755402                    /home/osr/.gradle/wrapper/dists/gradle-4.4-all/9br9xq1tocpiv8o6njlyu5op1/gradle-4.4/lib/plugins/commons-codec-1.6.jar
7f0de87a5000-7f0de87ab000 r--s 0005b000 08:02 2755411                    /home/osr/.gradle/wrapper/dists/gradle-4.4-all/9br9xq1tocpiv8o6njlyu5op1/gradle-4.4/lib/plugins/jcifs-1.3.17.jar
7f0de87ab000-7f0de87b8000 r--s 000a4000 08:02 2755395                    /home/osr/.gradle/wrapper/dists/gradle-4.4-all/9br9xq1tocpiv8o6njlyu5op1/gradle-4.4/lib/plugins/httpclient-4.4.1.jar
7f0de87b8000-7f0de87db000 r--s 00223000 08:02 2755452                    /home/osr/.gradle/wrapper/dists/gradle-4.4-all/9br9xq1tocpiv8o6njlyu5op1/gradle-4.4/lib/plugins/org.eclipse.jgit-4.5.3.201708160445-r.jar
7f0de87db000-7f0de87dc000 r--s 00005000 08:02 2755388                    /home/osr/.gradle/wrapper/dists/gradle-4.4-all/9br9xq1tocpiv8o6njlyu5op1/gradle-4.4/lib/plugins/gradle-version-control-4.4.jar
7f0de87dc000-7f0de87dd000 r--s 00000000 08:02 2755288                    /home/osr/.gradle/wrapper/dists/gradle-4.4-all/9br9xq1tocpiv8o6njlyu5op1/gradle-4.4/lib/gradle-installation-beacon-4.4.jar
7f0de87dd000-7f0de8830000 r--s 00373000 08:02 2755424                    /home/osr/.gradle/wrapper/dists/gradle-4.4-all/9br9xq1tocpiv8o6njlyu5op1/gradle-4.4/lib/plugins/bcprov-jdk15on-1.58.jar
7f0de8830000-7f0de8834000 r--s 0001d000 08:02 2755423                    /home/osr/.gradle/wrapper/dists/gradle-4.4-all/9br9xq1tocpiv8o6njlyu5op1/gradle-4.4/lib/plugins/xbean-reflect-3.4.jar
7f0de8834000-7f0de8836000 r--s 0000a000 08:02 2755425                    /home/osr/.gradle/wrapper/dists/gradle-4.4-all/9br9xq1tocpiv8o6njlyu5op1/gradle-4.4/lib/plugins/maven-settings-3.0.4.jar
7f0de8836000-7f0de8839000 r--s 00008000 08:02 2755426                    /home/osr/.gradle/wrapper/dists/gradle-4.4-all/9br9xq1tocpiv8o6njlyu5op1/gradle-4.4/lib/plugins/maven-settings-builder-3.0.4.jar
7f0de8839000-7f0de883c000 r--s 00034000 08:02 2755427                    /home/osr/.gradle/wrapper/dists/gradle-4.4-all/9br9xq1tocpiv8o6njlyu5op1/gradle-4.4/lib/plugins/plexus-utils-2.1.jar
7f0de883c000-7f0de883e000 r--s 0000d000 08:02 2755428                    /home/osr/.gradle/wrapper/dists/gradle-4.4-all/9br9xq1tocpiv8o6njlyu5op1/gradle-4.4/lib/plugins/plexus-interpolation-1.14.jar
7f0de883e000-7f0de8840000 r--s 00000000 08:02 2755401                    /home/osr/.gradle/wrapper/dists/gradle-4.4-all/9br9xq1tocpiv8o6njlyu5op1/gradle-4.4/lib/plugins/plexus-component-annotations-1.5.5.jar
7f0de8840000-7f0de8847000 r--s 0002e000 08:02 2755429                    /home/osr/.gradle/wrapper/dists/gradle-4.4-all/9br9xq1tocpiv8o6njlyu5op1/gradle-4.4/lib/plugins/plexus-container-default-1.5.5.jar
7f0de8847000-7f0de8849000 r--s 0000a000 08:02 2755430                    /home/osr/.gradle/wrapper/dists/gradle-4.4-all/9br9xq1tocpiv8o6njlyu5op1/gradle-4.4/lib/plugins/plexus-classworlds-2.4.jar
7f0de8849000-7f0de884b000 r--s 00002000 08:02 2755431                    /home/osr/.gradle/wrapper/dists/gradle-4.4-all/9br9xq1tocpiv8o6njlyu5op1/gradle-4.4/lib/plugins/plexus-cipher-1.7.jar
7f0de884b000-7f0de884c000 r--s 00006000 08:02 2755432                    /home/osr/.gradle/wrapper/dists/gradle-4.4-all/9br9xq1tocpiv8o6njlyu5op1/gradle-4.4/lib/plugins/plexus-sec-dispatcher-1.3.jar
7f0de884c000-7f0de8852000 r--s 0003f000 08:02 2755433                    /home/osr/.gradle/wrapper/dists/gradle-4.4-all/9br9xq1tocpiv8o6njlyu5op1/gradle-4.4/lib/plugins/maven-compat-3.0.4.jar
7f0de8852000-7f0de8856000 r--s 00021000 08:02 2755434                    /home/osr/.gradle/wrapper/dists/gradle-4.4-all/9br9xq1tocpiv8o6njlyu5op1/gradle-4.4/lib/plugins/maven-model-builder-3.0.4.jar
7f0de8856000-7f0de8858000 r--s 00026000 08:02 2755435                    /home/osr/.gradle/wrapper/dists/gradle-4.4-all/9br9xq1tocpiv8o6njlyu5op1/gradle-4.4/lib/plugins/maven-model-3.0.4.jar
7f0de8858000-7f0de885a000 r--s 0000b000 08:02 2755436                    /home/osr/.gradle/wrapper/dists/gradle-4.4-all/9br9xq1tocpiv8o6njlyu5op1/gradle-4.4/lib/plugins/maven-artifact-3.0.4.jar
7f0de885a000-7f0de885c000 r--s 00006000 08:02 2755437                    /home/osr/.gradle/wrapper/dists/gradle-4.4-all/9br9xq1tocpiv8o6njlyu5op1/gradle-4.4/lib/plugins/maven-repository-metadata-3.0.4.jar
7f0de885c000-7f0de885e000 r--s 0000b000 08:02 2755438                    /home/osr/.gradle/wrapper/dists/gradle-4.4-all/9br9xq1tocpiv8o6njlyu5op1/gradle-4.4/lib/plugins/maven-plugin-api-3.0.4.jar
7f0de885e000-7f0de8860000 r--s 0000c000 08:02 2755439                    /home/osr/.gradle/wrapper/dists/gradle-4.4-all/9br9xq1tocpiv8o6njlyu5op1/gradle-4.4/lib/plugins/maven-aether-provider-3.0.4.jar
7f0de8860000-7f0de8861000 r--s 00002000 08:02 2755440                    /home/osr/.gradle/wrapper/dists/gradle-4.4-all/9br9xq1tocpiv8o6njlyu5op1/gradle-4.4/lib/plugins/wagon-file-2.4.jar
7f0de8861000-7f0de8863000 r--s 0000b000 08:02 2755442                    /home/osr/.gradle/wrapper/dists/gradle-4.4-all/9br9xq1tocpiv8o6njlyu5op1/gradle-4.4/lib/plugins/wagon-provider-api-2.4.jar
7f0de8863000-7f0de8879000 r-xp 00000000 08:02 18485647                   /lib/x86_64-linux-gnu/libgcc_s.so.1
7f0de8879000-7f0de8a78000 ---p 00016000 08:02 18485647                   /lib/x86_64-linux-gnu/libgcc_s.so.1
7f0de8a78000-7f0de8a79000 rw-p 00015000 08:02 18485647                   /lib/x86_64-linux-gnu/libgcc_s.so.1
7f0de8a79000-7f0de8beb000 r-xp 00000000 08:02 12454018                   /usr/lib/x86_64-linux-gnu/libstdc++.so.6.0.21
7f0de8beb000-7f0de8deb000 ---p 00172000 08:02 12454018                   /usr/lib/x86_64-linux-gnu/libstdc++.so.6.0.21
7f0de8deb000-7f0de8df5000 r--p 00172000 08:02 12454018                   /usr/lib/x86_64-linux-gnu/libstdc++.so.6.0.21
7f0de8df5000-7f0de8df7000 rw-p 0017c000 08:02 12454018                   /usr/lib/x86_64-linux-gnu/libstdc++.so.6.0.21
7f0de8df7000-7f0de8dfb000 rw-p 00000000 00:00 0 
7f0de8dfb000-7f0de8e00000 r-xp 00000000 08:02 2755957                    /home/osr/.gradle/native/25/linux-amd64/libnative-platform.so
7f0de8e00000-7f0de8fff000 ---p 00005000 08:02 2755957                    /home/osr/.gradle/native/25/linux-amd64/libnative-platform.so
7f0de8fff000-7f0de9000000 rw-p 00004000 08:02 2755957                    /home/osr/.gradle/native/25/linux-amd64/libnative-platform.so
7f0de9000000-7f0dec000000 rw-p 00000000 00:00 0 
7f0dec000000-7f0dec021000 rw-p 00000000 00:00 0 
7f0dec021000-7f0df0000000 ---p 00000000 00:00 0 
7f0df0000000-7f0df0001000 r--s 00002000 08:02 2755441                    /home/osr/.gradle/wrapper/dists/gradle-4.4-all/9br9xq1tocpiv8o6njlyu5op1/gradle-4.4/lib/plugins/wagon-http-2.4.jar
7f0df0001000-7f0df0002000 r--s 00007000 08:02 2755443                    /home/osr/.gradle/wrapper/dists/gradle-4.4-all/9br9xq1tocpiv8o6njlyu5op1/gradle-4.4/lib/plugins/wagon-http-shared4-2.4.jar
7f0df0002000-7f0df0005000 r--s 00013000 08:02 2755444                    /home/osr/.gradle/wrapper/dists/gradle-4.4-all/9br9xq1tocpiv8o6njlyu5op1/gradle-4.4/lib/plugins/aether-api-1.13.1.jar
7f0df0005000-7f0df0008000 r--s 0001d000 08:02 2755445                    /home/osr/.gradle/wrapper/dists/gradle-4.4-all/9br9xq1tocpiv8o6njlyu5op1/gradle-4.4/lib/plugins/aether-impl-1.13.1.jar
7f0df0008000-7f0df0009000 r--s 00003000 08:02 2755446                    /home/osr/.gradle/wrapper/dists/gradle-4.4-all/9br9xq1tocpiv8o6njlyu5op1/gradle-4.4/lib/plugins/aether-spi-1.13.1.jar
7f0df0009000-7f0df000d000 r--s 0001c000 08:02 2755447                    /home/osr/.gradle/wrapper/dists/gradle-4.4-all/9br9xq1tocpiv8o6njlyu5op1/gradle-4.4/lib/plugins/aether-util-1.13.1.jar
7f0df000d000-7f0df000f000 r--s 00006000 08:02 2755448                    /home/osr/.gradle/wrapper/dists/gradle-4.4-all/9br9xq1tocpiv8o6njlyu5op1/gradle-4.4/lib/plugins/aether-connector-wagon-1.13.1.jar
7f0df000f000-7f0df001b000 r--s 0007d000 08:02 2755398                    /home/osr/.gradle/wrapper/dists/gradle-4.4-all/9br9xq1tocpiv8o6njlyu5op1/gradle-4.4/lib/plugins/maven-core-3.0.4.jar
7f0df001b000-7f0df0020000 r--s 00034000 08:02 2755405                    /home/osr/.gradle/wrapper/dists/gradle-4.4-all/9br9xq1tocpiv8o6njlyu5op1/gradle-4.4/lib/plugins/gson-2.7.jar
7f0df0020000-7f0df0025000 r--s 00040000 08:02 2755415                    /home/osr/.gradle/wrapper/dists/gradle-4.4-all/9br9xq1tocpiv8o6njlyu5op1/gradle-4.4/lib/plugins/jsch-0.1.54.jar
7f0df0025000-7f0df0034000 r--s 000d9000 08:02 2755414                    /home/osr/.gradle/wrapper/dists/gradle-4.4-all/9br9xq1tocpiv8o6njlyu5op1/gradle-4.4/lib/plugins/ivy-2.2.0.jar
7f0df0034000-7f0df005a000 r--s 00133000 08:02 2755384                    /home/osr/.gradle/wrapper/dists/gradle-4.4-all/9br9xq1tocpiv8o6njlyu5op1/gradle-4.4/lib/plugins/gradle-dependency-management-4.4.jar
7f0df005a000-7f0df005d000 r--s 0000d000 08:02 2755387                    /home/osr/.gradle/wrapper/dists/gradle-4.4-all/9br9xq1tocpiv8o6njlyu5op1/gradle-4.4/lib/plugins/gradle-workers-4.4.jar
7f0df005d000-7f0df006e000 r-xp 00000000 08:02 2754079                    /home/osr/bin/android-studio/jre/jre/lib/amd64/libnio.so
7f0df006e000-7f0df026d000 ---p 00011000 08:02 2754079                    /home/osr/bin/android-studio/jre/jre/lib/amd64/libnio.so
7f0df026d000-7f0df026e000 r--p 00010000 08:02 2754079                    /home/osr/bin/android-studio/jre/jre/lib/amd64/libnio.so
7f0df026e000-7f0df026f000 rw-p 00011000 08:02 2754079                    /home/osr/bin/android-studio/jre/jre/lib/amd64/libnio.so
7f0df026f000-7f0df0285000 r-xp 00000000 08:02 2754058                    /home/osr/bin/android-studio/jre/jre/lib/amd64/libnet.so
7f0df0285000-7f0df0485000 ---p 00016000 08:02 2754058                    /home/osr/bin/android-studio/jre/jre/lib/amd64/libnet.so
7f0df0485000-7f0df0486000 r--p 00016000 08:02 2754058                    /home/osr/bin/android-studio/jre/jre/lib/amd64/libnet.so
7f0df0486000-7f0df0487000 rw-p 00017000 08:02 2754058                    /home/osr/bin/android-studio/jre/jre/lib/amd64/libnet.so
7f0df0487000-7f0df0488000 r--s 00006000 08:02 2755287                    /home/osr/.gradle/wrapper/dists/gradle-4.4-all/9br9xq1tocpiv8o6njlyu5op1/gradle-4.4/lib/gradle-wrapper-4.4.jar
7f0df0488000-7f0df0496000 r--s 00046000 08:02 2755286                    /home/osr/.gradle/wrapper/dists/gradle-4.4-all/9br9xq1tocpiv8o6njlyu5op1/gradle-4.4/lib/gradle-tooling-api-4.4.jar
7f0df0496000-7f0df0497000 r--s 00002000 08:02 2755283                    /home/osr/.gradle/wrapper/dists/gradle-4.4-all/9br9xq1tocpiv8o6njlyu5op1/gradle-4.4/lib/kotlin-stdlib-jre8-1.1.51.jar
7f0df0497000-7f0df0498000 r--s 00000000 08:02 2755282                    /home/osr/.gradle/wrapper/dists/gradle-4.4-all/9br9xq1tocpiv8o6njlyu5op1/gradle-4.4/lib/kotlin-stdlib-jre7-1.1.51.jar
7f0df0498000-7f0df04a7000 r--s 000c9000 08:02 2755281                    /home/osr/.gradle/wrapper/dists/gradle-4.4-all/9br9xq1tocpiv8o6njlyu5op1/gradle-4.4/lib/kotlin-stdlib-1.1.51.jar
7f0df04a7000-7f0df04a9000 r--s 00002000 08:02 2755280                    /home/osr/.gradle/wrapper/dists/gradle-4.4-all/9br9xq1tocpiv8o6njlyu5op1/gradle-4.4/lib/kotlin-sam-with-receiver-compiler-plugin-1.1.51.jar
7f0df04a9000-7f0df04dc000 r--s 0022b000 08:02 2755279                    /home/osr/.gradle/wrapper/dists/gradle-4.4-all/9br9xq1tocpiv8o6njlyu5op1/gradle-4.4/lib/kotlin-reflect-1.1.51.jar
7f0df04dc000-7f0df06be000 r--s 01a42000 08:02 2755278                    /home/osr/.gradle/wrapper/dists/gradle-4.4-all/9br9xq1tocpiv8o6njlyu5op1/gradle-4.4/lib/kotlin-compiler-embeddable-1.1.51.jar
7f0df06be000-7f0df06bf000 r--s 00000000 08:02 2755277                    /home/osr/.gradle/wrapper/dists/gradle-4.4-all/9br9xq1tocpiv8o6njlyu5op1/gradle-4.4/lib/gradle-kotlin-dsl-tooling-models-0.13.1.jar
7f0df06bf000-7f0df06c1000 r--s 00003000 08:02 2755274                    /home/osr/.gradle/wrapper/dists/gradle-4.4-all/9br9xq1tocpiv8o6njlyu5op1/gradle-4.4/lib/annotations-13.0.jar
7f0df06c1000-7f0df06cc000 r--s 00082000 08:02 2755275                    /home/osr/.gradle/wrapper/dists/gradle-4.4-all/9br9xq1tocpiv8o6njlyu5op1/gradle-4.4/lib/gradle-kotlin-dsl-0.13.1.jar
7f0df06cc000-7f0df06d0000 r--s 00012000 08:02 2755292                    /home/osr/.gradle/wrapper/dists/gradle-4.4-all/9br9xq1tocpiv8o6njlyu5op1/gradle-4.4/lib/gradle-build-cache-4.4.jar
7f0df06d0000-7f0df06d6000 r--s 0002e000 08:02 2755296                    /home/osr/.gradle/wrapper/dists/gradle-4.4-all/9br9xq1tocpiv8o6njlyu5op1/gradle-4.4/lib/gradle-persistent-cache-4.4.jar
7f0df06d6000-7f0df06da000 r--s 00014000 08:02 2755295                    /home/osr/.gradle/wrapper/dists/gradle-4.4-all/9br9xq1tocpiv8o6njlyu5op1/gradle-4.4/lib/gradle-resources-4.4.jar
7f0df06da000-7f0df06db000 r--s 00003000 08:02 2755303                    /home/osr/.gradle/wrapper/dists/gradle-4.4-all/9br9xq1tocpiv8o6njlyu5op1/gradle-4.4/lib/gradle-build-option-4.4.jar
7f0df06db000-7f0df06dd000 r--s 00005000 08:02 2755304                    /home/osr/.gradle/wrapper/dists/gradle-4.4-all/9br9xq1tocpiv8o6njlyu5op1/gradle-4.4/lib/gradle-cli-4.4.jar
7f0df06dd000-7f0df06df000 r--s 00003000 08:02 2755311                    /home/osr/.gradle/wrapper/dists/gradle-4.4-all/9br9xq1tocpiv8o6njlyu5op1/gradle-4.4/lib/jcl-over-slf4j-1.7.10.jar
7f0df06df000-7f0df06e0000 r--s 00005000 08:02 2755310                    /home/osr/.gradle/wrapper/dists/gradle-4.4-all/9br9xq1tocpiv8o6njlyu5op1/gradle-4.4/lib/log4j-over-slf4j-1.7.10.jar
7f0df06e0000-7f0df06e2000 r--s 00000000 08:02 2755309                    /home/osr/.gradle/wrapper/dists/gradle-4.4-all/9br9xq1tocpiv8o6njlyu5op1/gradle-4.4/lib/jul-to-slf4j-1.7.10.jar
7f0df06e2000-7f0df06e9000 r--s 0002f000 08:02 2755293                    /home/osr/.gradle/wrapper/dists/gradle-4.4-all/9br9xq1tocpiv8o6njlyu5op1/gradle-4.4/lib/gradle-logging-4.4.jar
7f0df06e9000-7f0df06f9000 r--s 00082000 08:02 2755299                    /home/osr/.gradle/wrapper/dists/gradle-4.4-all/9br9xq1tocpiv8o6njlyu5op1/gradle-4.4/lib/gradle-model-core-4.4.jar
7f0df06f9000-7f0df06fb000 r--s 00006000 08:02 2755300                    /home/osr/.gradle/wrapper/dists/gradle-4.4-all/9br9xq1tocpiv8o6njlyu5op1/gradle-4.4/lib/gradle-base-services-groovy-4.4.jar
7f0df06fb000-7f0df06fd000 r--s 00007000 08:02 2755298                    /home/osr/.gradle/wrapper/dists/gradle-4.4-all/9br9xq1tocpiv8o6njlyu5op1/gradle-4.4/lib/gradle-model-groovy-4.4.jar
7f0df06fd000-7f0df06fe000 r--s 00002000 08:02 2755324                    /home/osr/.gradle/wrapper/dists/gradle-4.4-all/9br9xq1tocpiv8o6njlyu5op1/gradle-4.4/lib/gradle-docs-4.4.jar
7f0df06fe000-7f0df0707000 r--s 0002d000 08:02 2755323                    /home/osr/.gradle/wrapper/dists/gradle-4.4-all/9br9xq1tocpiv8o6njlyu5op1/gradle-4.4/lib/xml-apis-1.4.01.jar
7f0df0707000-7f0df0711000 r--s 00078000 08:02 2755322                    /home/osr/.gradle/wrapper/dists/gradle-4.4-all/9br9xq1tocpiv8o6njlyu5op1/gradle-4.4/lib/commons-compress-1.14.jar
7f0df0711000-7f0df071e000 r--s 00083000 08:02 2755320                    /home/osr/.gradle/wrapper/dists/gradle-4.4-all/9br9xq1tocpiv8o6njlyu5op1/gradle-4.4/lib/commons-collections-3.2.2.jar
7f0df071e000-7f0df071f000 r--s 00000000 08:02 2755319                    /home/osr/.gradle/wrapper/dists/gradle-4.4-all/9br9xq1tocpiv8o6njlyu5op1/gradle-4.4/lib/javax.inject-1.jar
7f0df071f000-7f0df078f000 r--s 00646000 08:02 2755317                    /home/osr/.gradle/wrapper/dists/gradle-4.4-all/9br9xq1tocpiv8o6njlyu5op1/gradle-4.4/lib/groovy-all-2.4.12.jar
7f0df078f000-7f0df0792000 r--s 00023000 08:02 2755325                    /home/osr/.gradle/wrapper/dists/gradle-4.4-all/9br9xq1tocpiv8o6njlyu5op1/gradle-4.4/lib/jansi-1.14.jar
7f0df0792000-7f0df0793000 r--s 00004000 08:02 2755327                    /home/osr/.gradle/wrapper/dists/gradle-4.4-all/9br9xq1tocpiv8o6njlyu5op1/gradle-4.4/lib/native-platform-freebsd-amd64-libcpp-0.14.jar
7f0df0793000-7f0df0794000 r--s 00004000 08:02 2755328                    /home/osr/.gradle/wrapper/dists/gradle-4.4-all/9br9xq1tocpiv8o6njlyu5op1/gradle-4.4/lib/native-platform-freebsd-amd64-libstdcpp-0.14.jar
7f0df0794000-7f0df0795000 r--s 00004000 08:02 2755329                    /home/osr/.gradle/wrapper/dists/gradle-4.4-all/9br9xq1tocpiv8o6njlyu5op1/gradle-4.4/lib/native-platform-freebsd-i386-libcpp-0.14.jar
7f0df0795000-7f0df0796000 r--s 00003000 08:02 2755330                    /home/osr/.gradle/wrapper/dists/gradle-4.4-all/9br9xq1tocpiv8o6njlyu5op1/gradle-4.4/lib/native-platform-freebsd-i386-libstdcpp-0.14.jar
7f0df0796000-7f0df0797000 r--s 00002000 08:02 2755331                    /home/osr/.gradle/wrapper/dists/gradle-4.4-all/9br9xq1tocpiv8o6njlyu5op1/gradle-4.4/lib/native-platform-linux-amd64-0.14.jar
7f0df0797000-7f0df0798000 r--s 00002000 08:02 2755332                    /home/osr/.gradle/wrapper/dists/gradle-4.4-all/9br9xq1tocpiv8o6njlyu5op1/gradle-4.4/lib/native-platform-linux-i386-0.14.jar
7f0df0798000-7f0df079a000 r--s 00002000 08:02 2755333                    /home/osr/.gradle/wrapper/dists/gradle-4.4-all/9br9xq1tocpiv8o6njlyu5op1/gradle-4.4/lib/native-platform-osx-amd64-0.14.jar
7f0df079a000-7f0df079b000 r--s 00003000 08:02 2755334                    /home/osr/.gradle/wrapper/dists/gradle-4.4-all/9br9xq1tocpiv8o6njlyu5op1/gradle-4.4/lib/native-platform-osx-i386-0.14.jar
7f0df079b000-7f0df079d000 r--s 0000b000 08:02 2755335                    /home/osr/.gradle/wrapper/dists/gradle-4.4-all/9br9xq1tocpiv8o6njlyu5op1/gradle-4.4/lib/native-platform-windows-amd64-0.14.jar
7f0df079d000-7f0df079e000 r--s 0000b000 08:02 2755336                    /home/osr/.gradle/wrapper/dists/gradle-4.4-all/9br9xq1tocpiv8o6njlyu5op1/gradle-4.4/lib/native-platform-windows-i386-0.14.jar
7f0df079e000-7f0df079f000 r--s 00001000 08:02 2755337                    /home/osr/.gradle/wrapper/dists/gradle-4.4-all/9br9xq1tocpiv8o6njlyu5op1/gradle-4.4/lib/native-platform-linux-amd64-ncurses5-0.14.jar
7f0df079f000-7f0df07a0000 r--s 00001000 08:02 2755338                    /home/osr/.gradle/wrapper/dists/gradle-4.4-all/9br9xq1tocpiv8o6njlyu5op1/gradle-4.4/lib/native-platform-linux-amd64-ncurses6-0.14.jar
7f0df07a0000-7f0df07a1000 r--s 00001000 08:02 2755339                    /home/osr/.gradle/wrapper/dists/gradle-4.4-all/9br9xq1tocpiv8o6njlyu5op1/gradle-4.4/lib/native-platform-linux-i386-ncurses5-0.14.jar
7f0df07a1000-7f0df07a5000 r--s 00012000 08:02 2755321                    /home/osr/.gradle/wrapper/dists/gradle-4.4-all/9br9xq1tocpiv8o6njlyu5op1/gradle-4.4/lib/native-platform-0.14.jar
7f0df07a5000-7f0df07a8000 r--s 0000c000 08:02 2755297                    /home/osr/.gradle/wrapper/dists/gradle-4.4-all/9br9xq1tocpiv8o6njlyu5op1/gradle-4.4/lib/gradle-native-4.4.jar
7f0df07a8000-7f0df07aa000 r--s 0000f000 08:02 2755306                    /home/osr/.gradle/wrapper/dists/gradle-4.4-all/9br9xq1tocpiv8o6njlyu5op1/gradle-4.4/lib/reflectasm-1.07-shaded.jar
7f0df07aa000-7f0df07ac000 r--s 00000000 08:02 2755341                    /home/osr/.gradle/wrapper/dists/gradle-4.4-all/9br9xq1tocpiv8o6njlyu5op1/gradle-4.4/lib/minlog-1.2.jar
7f0df07ac000-7f0df07ae000 r--s 00007000 08:02 2755342                    /home/osr/.gradle/wrapper/dists/gradle-4.4-all/9br9xq1tocpiv8o6njlyu5op1/gradle-4.4/lib/objenesis-1.2.jar
7f0df07ae000-7f0df07b2000 r--s 00026000 08:02 2755305                    /home/osr/.gradle/wrapper/dists/gradle-4.4-all/9br9xq1tocpiv8o6njlyu5op1/gradle-4.4/lib/kryo-2.20.jar
7f0df07b2000-7f0df07b8000 r--s 0002b000 08:02 2755301                    /home/osr/.gradle/wrapper/dists/gradle-4.4-all/9br9xq1tocpiv8o6njlyu5op1/gradle-4.4/lib/gradle-messaging-4.4.jar
7f0df07b8000-7f0df07ba000 r--s 00006000 08:02 2755294                    /home/osr/.gradle/wrapper/dists/gradle-4.4-all/9br9xq1tocpiv8o6njlyu5op1/gradle-4.4/lib/gradle-process-services-4.4.jar
7f0df07ba000-7f0df07bf000 r--s 00041000 08:02 2755315                    /home/osr/.gradle/wrapper/dists/gradle-4.4-all/9br9xq1tocpiv8o6njlyu5op1/gradle-4.4/lib/commons-lang-2.6.jar
7f0df07bf000-7f0df07e7000 r--s 001cf000 08:02 2755313                    /home/osr/.gradle/wrapper/dists/gradle-4.4-all/9br9xq1tocpiv8o6njlyu5op1/gradle-4.4/lib/guava-jdk5-17.0.jar
7f0df07e7000-7f0df0823000 r--s 00204000 08:02 2755289                    /home/osr/.gradle/wrapper/dists/gradle-4.4-all/9br9xq1tocpiv8o6njlyu5op1/gradle-4.4/lib/gradle-core-4.4.jar
7f0df0823000-7f0df0824000 ---p 00000000 00:00 0 
7f0df0824000-7f0df0924000 rw-p 00000000 00:00 0 
7f0df0924000-7f0df0927000 ---p 00000000 00:00 0 
7f0df0927000-7f0df0a25000 rw-p 00000000 00:00 0 
7f0df0a25000-7f0df0a28000 ---p 00000000 00:00 0 
7f0df0a28000-7f0df0b26000 rw-p 00000000 00:00 0 
7f0df0b26000-7f0df0b29000 ---p 00000000 00:00 0 
7f0df0b29000-7f0df0c27000 rw-p 00000000 00:00 0 
7f0df0c27000-7f0df0c2a000 ---p 00000000 00:00 0 
7f0df0c2a000-7f0df0d28000 rw-p 00000000 00:00 0 
7f0df0d28000-7f0df1000000 r--p 00000000 08:02 12453481                   /usr/lib/locale/locale-archive
7f0df1000000-7f0df1750000 rwxp 00000000 00:00 0 
7f0df1750000-7f0e00000000 ---p 00000000 00:00 0 
7f0e00000000-7f0e00e99000 rw-p 00000000 00:00 0 
7f0e00e99000-7f0e04000000 ---p 00000000 00:00 0 
7f0e04000000-7f0e04003000 r--s 00006000 08:02 2755314                    /home/osr/.gradle/wrapper/dists/gradle-4.4-all/9br9xq1tocpiv8o6njlyu5op1/gradle-4.4/lib/jsr305-1.3.9.jar
7f0e04003000-7f0e0400b000 r--s 000bd000 08:02 2755307                    /home/osr/.gradle/wrapper/dists/gradle-4.4-all/9br9xq1tocpiv8o6njlyu5op1/gradle-4.4/lib/asm-debug-all-6.0_ALPHA.jar
7f0e0400b000-7f0e0402a000 r--s 001d5000 08:02 2755318                    /home/osr/.gradle/wrapper/dists/gradle-4.4-all/9br9xq1tocpiv8o6njlyu5op1/gradle-4.4/lib/ant-1.9.9.jar
7f0e0402a000-7f0e0402d000 ---p 00000000 00:00 0 
7f0e0402d000-7f0e0412b000 rw-p 00000000 00:00 0 
7f0e0412b000-7f0e0412e000 ---p 00000000 00:00 0 
7f0e0412e000-7f0e0422c000 rw-p 00000000 00:00 0 
7f0e0422c000-7f0e0422f000 ---p 00000000 00:00 0 
7f0e0422f000-7f0e0432d000 rw-p 00000000 00:00 0 
7f0e0432d000-7f0e0432e000 ---p 00000000 00:00 0 
7f0e0432e000-7f0e0540f000 rw-p 00000000 00:00 0 
7f0e0540f000-7f0e055df000 r--s 03c46000 08:02 2229987                    /home/osr/bin/android-studio/jre/jre/lib/rt.jar
7f0e055df000-7f0e06155000 rw-p 00000000 00:00 0 
7f0e06155000-7f0e06156000 ---p 00000000 00:00 0 
7f0e06156000-7f0e06256000 rw-p 00000000 00:00 0 
7f0e06256000-7f0e06257000 ---p 00000000 00:00 0 
7f0e06257000-7f0e06357000 rw-p 00000000 00:00 0 
7f0e06357000-7f0e06358000 ---p 00000000 00:00 0 
7f0e06358000-7f0e06458000 rw-p 00000000 00:00 0 
7f0e06458000-7f0e06459000 ---p 00000000 00:00 0 
7f0e06459000-7f0e0658a000 rw-p 00000000 00:00 0 
7f0e0658a000-7f0e06759000 ---p 00000000 00:00 0 
7f0e06759000-7f0e0678a000 rw-p 00000000 00:00 0 
7f0e0678a000-7f0e06959000 ---p 00000000 00:00 0 
7f0e06959000-7f0e069e1000 rw-p 00000000 00:00 0 
7f0e069e1000-7f0e06a59000 ---p 00000000 00:00 0 
7f0e06a59000-7f0e06a78000 rw-p 00000000 00:00 0 
7f0e06a78000-7f0e06e1a000 ---p 00000000 00:00 0 
7f0e06e1a000-7f0e06e34000 r-xp 00000000 08:02 2754054                    /home/osr/bin/android-studio/jre/jre/lib/amd64/libzip.so
7f0e06e34000-7f0e07034000 ---p 0001a000 08:02 2754054                    /home/osr/bin/android-studio/jre/jre/lib/amd64/libzip.so
7f0e07034000-7f0e07035000 r--p 0001a000 08:02 2754054                    /home/osr/bin/android-studio/jre/jre/lib/amd64/libzip.so
7f0e07035000-7f0e07036000 rw-p 0001b000 08:02 2754054                    /home/osr/bin/android-studio/jre/jre/lib/amd64/libzip.so
7f0e07036000-7f0e07041000 r-xp 00000000 08:02 18485753                   /lib/x86_64-linux-gnu/libnss_files-2.23.so
7f0e07041000-7f0e07240000 ---p 0000b000 08:02 18485753                   /lib/x86_64-linux-gnu/libnss_files-2.23.so
7f0e07240000-7f0e07241000 r--p 0000a000 08:02 18485753                   /lib/x86_64-linux-gnu/libnss_files-2.23.so
7f0e07241000-7f0e07242000 rw-p 0000b000 08:02 18485753                   /lib/x86_64-linux-gnu/libnss_files-2.23.so
7f0e07242000-7f0e07248000 rw-p 00000000 00:00 0 
7f0e07248000-7f0e07253000 r-xp 00000000 08:02 18485784                   /lib/x86_64-linux-gnu/libnss_nis-2.23.so
7f0e07253000-7f0e07452000 ---p 0000b000 08:02 18485784                   /lib/x86_64-linux-gnu/libnss_nis-2.23.so
7f0e07452000-7f0e07453000 r--p 0000a000 08:02 18485784                   /lib/x86_64-linux-gnu/libnss_nis-2.23.so
7f0e07453000-7f0e07454000 rw-p 0000b000 08:02 18485784                   /lib/x86_64-linux-gnu/libnss_nis-2.23.so
7f0e07454000-7f0e0746a000 r-xp 00000000 08:02 18485600                   /lib/x86_64-linux-gnu/libnsl-2.23.so
7f0e0746a000-7f0e07669000 ---p 00016000 08:02 18485600                   /lib/x86_64-linux-gnu/libnsl-2.23.so
7f0e07669000-7f0e0766a000 r--p 00015000 08:02 18485600                   /lib/x86_64-linux-gnu/libnsl-2.23.so
7f0e0766a000-7f0e0766b000 rw-p 00016000 08:02 18485600                   /lib/x86_64-linux-gnu/libnsl-2.23.so
7f0e0766b000-7f0e0766d000 rw-p 00000000 00:00 0 
7f0e0766d000-7f0e07675000 r-xp 00000000 08:02 18485684                   /lib/x86_64-linux-gnu/libnss_compat-2.23.so
7f0e07675000-7f0e07874000 ---p 00008000 08:02 18485684                   /lib/x86_64-linux-gnu/libnss_compat-2.23.so
7f0e07874000-7f0e07875000 r--p 00007000 08:02 18485684                   /lib/x86_64-linux-gnu/libnss_compat-2.23.so
7f0e07875000-7f0e07876000 rw-p 00008000 08:02 18485684                   /lib/x86_64-linux-gnu/libnss_compat-2.23.so
7f0e07876000-7f0e078a3000 r-xp 00000000 08:02 2754062                    /home/osr/bin/android-studio/jre/jre/lib/amd64/libjava.so
7f0e078a3000-7f0e07aa2000 ---p 0002d000 08:02 2754062                    /home/osr/bin/android-studio/jre/jre/lib/amd64/libjava.so
7f0e07aa2000-7f0e07aa3000 r--p 0002c000 08:02 2754062                    /home/osr/bin/android-studio/jre/jre/lib/amd64/libjava.so
7f0e07aa3000-7f0e07aa5000 rw-p 0002d000 08:02 2754062                    /home/osr/bin/android-studio/jre/jre/lib/amd64/libjava.so
7f0e07aa5000-7f0e07ab5000 r-xp 00000000 08:02 2754050                    /home/osr/bin/android-studio/jre/jre/lib/amd64/libverify.so
7f0e07ab5000-7f0e07cb4000 ---p 00010000 08:02 2754050                    /home/osr/bin/android-studio/jre/jre/lib/amd64/libverify.so
7f0e07cb4000-7f0e07cb6000 r--p 0000f000 08:02 2754050                    /home/osr/bin/android-studio/jre/jre/lib/amd64/libverify.so
7f0e07cb6000-7f0e07cb7000 rw-p 00011000 08:02 2754050                    /home/osr/bin/android-studio/jre/jre/lib/amd64/libverify.so
7f0e07cb7000-7f0e07cbe000 r-xp 00000000 08:02 18485785                   /lib/x86_64-linux-gnu/librt-2.23.so
7f0e07cbe000-7f0e07ebd000 ---p 00007000 08:02 18485785                   /lib/x86_64-linux-gnu/librt-2.23.so
7f0e07ebd000-7f0e07ebe000 r--p 00006000 08:02 18485785                   /lib/x86_64-linux-gnu/librt-2.23.so
7f0e07ebe000-7f0e07ebf000 rw-p 00007000 08:02 18485785                   /lib/x86_64-linux-gnu/librt-2.23.so
7f0e07ebf000-7f0e07fc7000 r-xp 00000000 08:02 18485598                   /lib/x86_64-linux-gnu/libm-2.23.so
7f0e07fc7000-7f0e081c6000 ---p 00108000 08:02 18485598                   /lib/x86_64-linux-gnu/libm-2.23.so
7f0e081c6000-7f0e081c7000 r--p 00107000 08:02 18485598                   /lib/x86_64-linux-gnu/libm-2.23.so
7f0e081c7000-7f0e081c8000 rw-p 00108000 08:02 18485598                   /lib/x86_64-linux-gnu/libm-2.23.so
7f0e081c8000-7f0e08dc4000 r-xp 00000000 08:02 2754072                    /home/osr/bin/android-studio/jre/jre/lib/amd64/server/libjvm.so
7f0e08dc4000-7f0e08fc4000 ---p 00bfc000 08:02 2754072                    /home/osr/bin/android-studio/jre/jre/lib/amd64/server/libjvm.so
7f0e08fc4000-7f0e09064000 r--p 00bfc000 08:02 2754072                    /home/osr/bin/android-studio/jre/jre/lib/amd64/server/libjvm.so
7f0e09064000-7f0e0908d000 rw-p 00c9c000 08:02 2754072                    /home/osr/bin/android-studio/jre/jre/lib/amd64/server/libjvm.so
7f0e0908d000-7f0e090d1000 rw-p 00000000 00:00 0 
7f0e090d1000-7f0e090e9000 r-xp 00000000 08:02 18485603                   /lib/x86_64-linux-gnu/libpthread-2.23.so
7f0e090e9000-7f0e092e8000 ---p 00018000 08:02 18485603                   /lib/x86_64-linux-gnu/libpthread-2.23.so
7f0e092e8000-7f0e092e9000 r--p 00017000 08:02 18485603                   /lib/x86_64-linux-gnu/libpthread-2.23.so
7f0e092e9000-7f0e092ea000 rw-p 00018000 08:02 18485603                   /lib/x86_64-linux-gnu/libpthread-2.23.so
7f0e092ea000-7f0e092ee000 rw-p 00000000 00:00 0 
7f0e092ee000-7f0e092f1000 r-xp 00000000 08:02 18485624                   /lib/x86_64-linux-gnu/libdl-2.23.so
7f0e092f1000-7f0e094f0000 ---p 00003000 08:02 18485624                   /lib/x86_64-linux-gnu/libdl-2.23.so
7f0e094f0000-7f0e094f1000 r--p 00002000 08:02 18485624                   /lib/x86_64-linux-gnu/libdl-2.23.so
7f0e094f1000-7f0e094f2000 rw-p 00003000 08:02 18485624                   /lib/x86_64-linux-gnu/libdl-2.23.so
7f0e094f2000-7f0e096b2000 r-xp 00000000 08:02 18485622                   /lib/x86_64-linux-gnu/libc-2.23.so
7f0e096b2000-7f0e098b2000 ---p 001c0000 08:02 18485622                   /lib/x86_64-linux-gnu/libc-2.23.so
7f0e098b2000-7f0e098b6000 r--p 001c0000 08:02 18485622                   /lib/x86_64-linux-gnu/libc-2.23.so
7f0e098b6000-7f0e098b8000 rw-p 001c4000 08:02 18485622                   /lib/x86_64-linux-gnu/libc-2.23.so
7f0e098b8000-7f0e098bc000 rw-p 00000000 00:00 0 
7f0e098bc000-7f0e098d2000 r-xp 00000000 08:02 2104041                    /home/osr/bin/android-studio/jre/lib/amd64/jli/libjli.so
7f0e098d2000-7f0e09ad1000 ---p 00016000 08:02 2104041                    /home/osr/bin/android-studio/jre/lib/amd64/jli/libjli.so
7f0e09ad1000-7f0e09ad2000 r--p 00015000 08:02 2104041                    /home/osr/bin/android-studio/jre/lib/amd64/jli/libjli.so
7f0e09ad2000-7f0e09ad3000 rw-p 00016000 08:02 2104041                    /home/osr/bin/android-studio/jre/lib/amd64/jli/libjli.so
7f0e09ad3000-7f0e09af9000 r-xp 00000000 08:02 18485602                   /lib/x86_64-linux-gnu/ld-2.23.so
7f0e09af9000-7f0e09afb000 r--s 00000000 08:02 2755290                    /home/osr/.gradle/wrapper/dists/gradle-4.4-all/9br9xq1tocpiv8o6njlyu5op1/gradle-4.4/lib/gradle-jvm-services-4.4.jar
7f0e09afb000-7f0e09b07000 r--s 00032000 08:02 2755291                    /home/osr/.gradle/wrapper/dists/gradle-4.4-all/9br9xq1tocpiv8o6njlyu5op1/gradle-4.4/lib/gradle-core-api-4.4.jar
7f0e09b07000-7f0e09b12000 r--s 0005b000 08:02 2755302                    /home/osr/.gradle/wrapper/dists/gradle-4.4-all/9br9xq1tocpiv8o6njlyu5op1/gradle-4.4/lib/gradle-base-services-4.4.jar
7f0e09b12000-7f0e09bd4000 rw-p 00000000 00:00 0 
7f0e09bd4000-7f0e09bd7000 ---p 00000000 00:00 0 
7f0e09bd7000-7f0e09cd9000 rw-p 00000000 00:00 0 
7f0e09cd9000-7f0e09cda000 r--s 00001000 08:02 2755340                    /home/osr/.gradle/wrapper/dists/gradle-4.4-all/9br9xq1tocpiv8o6njlyu5op1/gradle-4.4/lib/native-platform-linux-i386-ncurses6-0.14.jar
7f0e09cda000-7f0e09cdb000 r--s 00000000 08:02 2755316                    /home/osr/.gradle/wrapper/dists/gradle-4.4-all/9br9xq1tocpiv8o6njlyu5op1/gradle-4.4/lib/jcip-annotations-1.0.jar
7f0e09cdb000-7f0e09cdc000 r--s 00007000 08:02 2755312                    /home/osr/.gradle/wrapper/dists/gradle-4.4-all/9br9xq1tocpiv8o6njlyu5op1/gradle-4.4/lib/slf4j-api-1.7.10.jar
7f0e09cdc000-7f0e09ce0000 r--s 00027000 08:02 2755308                    /home/osr/.gradle/wrapper/dists/gradle-4.4-all/9br9xq1tocpiv8o6njlyu5op1/gradle-4.4/lib/commons-io-2.2.jar
7f0e09ce0000-7f0e09ce1000 r--s 00004000 08:02 2755326                    /home/osr/.gradle/wrapper/dists/gradle-4.4-all/9br9xq1tocpiv8o6njlyu5op1/gradle-4.4/lib/ant-launcher-1.9.9.jar
7f0e09ce1000-7f0e09ced000 r--s 0005f000 08:02 2755284                    /home/osr/.gradle/wrapper/dists/gradle-4.4-all/9br9xq1tocpiv8o6njlyu5op1/gradle-4.4/lib/gradle-launcher-4.4.jar
7f0e09ced000-7f0e09cf5000 rw-s 00000000 08:02 7870587                    /tmp/hsperfdata_osr/18045
7f0e09cf5000-7f0e09cf6000 rw-p 00000000 00:00 0 
7f0e09cf6000-7f0e09cf7000 r--p 00000000 00:00 0 
7f0e09cf7000-7f0e09cf8000 rw-p 00000000 00:00 0 
7f0e09cf8000-7f0e09cf9000 r--p 00025000 08:02 18485602                   /lib/x86_64-linux-gnu/ld-2.23.so
7f0e09cf9000-7f0e09cfa000 rw-p 00026000 08:02 18485602                   /lib/x86_64-linux-gnu/ld-2.23.so
7f0e09cfa000-7f0e09cfb000 rw-p 00000000 00:00 0 
7ffc9b570000-7ffc9b591000 rw-p 00000000 00:00 0                          [stack]
7ffc9b5d7000-7ffc9b5da000 r--p 00000000 00:00 0                          [vvar]
7ffc9b5da000-7ffc9b5dc000 r-xp 00000000 00:00 0                          [vdso]
ffffffffff600000-ffffffffff601000 r-xp 00000000 00:00 0                  [vsyscall]

VM Arguments:
jvm_args: -Xmx1536m -Dfile.encoding=UTF-8 -Duser.country=IN -Duser.language=en -Duser.variant 
java_command: org.gradle.launcher.daemon.bootstrap.GradleDaemon 4.4
java_class_path (initial): /home/osr/.gradle/wrapper/dists/gradle-4.4-all/9br9xq1tocpiv8o6njlyu5op1/gradle-4.4/lib/gradle-launcher-4.4.jar
Launcher Type: SUN_STANDARD

Environment Variables:
PATH=/home/osr/bin:/usr/local/sbin:/usr/local/bin:/usr/sbin:/usr/bin:/sbin:/bin:/usr/games:/usr/local/games:/snap/bin
SHELL=/bin/bash
DISPLAY=:0

Signal Handlers:
SIGSEGV: [libjvm.so+0x9edb30], sa_mask[0]=11111111011111111101111111111110, sa_flags=SA_RESTART|SA_SIGINFO
SIGBUS: [libjvm.so+0x9edb30], sa_mask[0]=11111111011111111101111111111110, sa_flags=SA_RESTART|SA_SIGINFO
SIGFPE: [libjvm.so+0x84e800], sa_mask[0]=11111111011111111101111111111110, sa_flags=SA_RESTART|SA_SIGINFO
SIGPIPE: [libjvm.so+0x84e800], sa_mask[0]=11111111011111111101111111111110, sa_flags=SA_RESTART|SA_SIGINFO
SIGXFSZ: [libjvm.so+0x84e800], sa_mask[0]=11111111011111111101111111111110, sa_flags=SA_RESTART|SA_SIGINFO
SIGILL: [libjvm.so+0x84e800], sa_mask[0]=11111111011111111101111111111110, sa_flags=SA_RESTART|SA_SIGINFO
SIGUSR1: SIG_DFL, sa_mask[0]=00000000000000000000000000000000, sa_flags=none
SIGUSR2: [libjvm.so+0x84e6d0], sa_mask[0]=00100000000000000000000000000000, sa_flags=SA_RESTART|SA_SIGINFO
SIGHUP: SIG_IGN, sa_mask[0]=00000000000000000000000000000000, sa_flags=none
SIGINT: [libjvm.so+0x84e8c0], sa_mask[0]=11111111011111111101111111111110, sa_flags=SA_RESTART|SA_SIGINFO
SIGTERM: [libjvm.so+0x84e8c0], sa_mask[0]=11111111011111111101111111111110, sa_flags=SA_RESTART|SA_SIGINFO
SIGQUIT: [libjvm.so+0x84e8c0], sa_mask[0]=11111111011111111101111111111110, sa_flags=SA_RESTART|SA_SIGINFO


---------------  S Y S T E M  ---------------

OS:DISTRIB_ID=Ubuntu
DISTRIB_RELEASE=16.04
DISTRIB_CODENAME=xenial
DISTRIB_DESCRIPTION="Ubuntu 16.04.4 LTS"

uname:Linux 4.4.0-128-generic #154-Ubuntu SMP Fri May 25 14:15:18 UTC 2018 x86_64
libc:glibc 2.23 NPTL 2.23 
rlimit: STACK 8192k, CORE 0k, NPROC 63460, NOFILE 1048576, AS infinity
load average:1.52 1.12 0.78

/proc/meminfo:
MemTotal:       16317636 kB
MemFree:         3324908 kB
MemAvailable:    8021000 kB
Buffers:          272156 kB
Cached:          5609012 kB
SwapCached:            0 kB
Active:          8787072 kB
Inactive:        3667372 kB
Active(anon):    6576604 kB
Inactive(anon):  1092576 kB
Active(file):    2210468 kB
Inactive(file):  2574796 kB
Unevictable:         164 kB
Mlocked:             164 kB
SwapTotal:      16661500 kB
SwapFree:       16661500 kB
Dirty:             38176 kB
Writeback:             0 kB
AnonPages:       6573504 kB
Mapped:           975672 kB
Shmem:           1095904 kB
Slab:             327564 kB
SReclaimable:     247480 kB
SUnreclaim:        80084 kB
KernelStack:       19344 kB
PageTables:        88384 kB
NFS_Unstable:          0 kB
Bounce:                0 kB
WritebackTmp:          0 kB
CommitLimit:    24820316 kB
Committed_AS:   18391908 kB
VmallocTotal:   34359738367 kB
VmallocUsed:           0 kB
VmallocChunk:          0 kB
HardwareCorrupted:     0 kB
AnonHugePages:     51200 kB
CmaTotal:              0 kB
CmaFree:               0 kB
HugePages_Total:       0
HugePages_Free:        0
HugePages_Rsvd:        0
HugePages_Surp:        0
Hugepagesize:       2048 kB
DirectMap4k:      252324 kB
DirectMap2M:    16410624 kB


CPU:total 4 (initial active 4) (4 cores per cpu, 1 threads per core) family 6 model 42 stepping 7, cmov, cx8, fxsr, mmx, sse, sse2, sse3, ssse3, sse4.1, sse4.2, popcnt, avx, aes, clmul, tsc, tscinvbit

/proc/cpuinfo:
processor	: 0
vendor_id	: GenuineIntel
cpu family	: 6
model		: 42
model name	: Intel(R) Core(TM) i5-2400 CPU @ 3.10GHz
stepping	: 7
microcode	: 0x2d
cpu MHz		: 3239.257
cache size	: 6144 KB
physical id	: 0
siblings	: 4
core id		: 0
cpu cores	: 4
apicid		: 0
initial apicid	: 0
fpu		: yes
fpu_exception	: yes
cpuid level	: 13
wp		: yes
flags		: fpu vme de pse tsc msr pae mce cx8 apic sep mtrr pge mca cmov pat pse36 clflush dts acpi mmx fxsr sse sse2 ss ht tm pbe syscall nx rdtscp lm constant_tsc arch_perfmon pebs bts rep_good nopl xtopology nonstop_tsc aperfmperf eagerfpu pni pclmulqdq dtes64 monitor ds_cpl vmx smx est tm2 ssse3 cx16 xtpr pdcm pcid sse4_1 sse4_2 x2apic popcnt tsc_deadline_timer aes xsave avx lahf_lm epb ibrs ibpb stibp kaiser tpr_shadow vnmi flexpriority ept vpid xsaveopt dtherm ida arat pln pts
bugs		: cpu_meltdown spectre_v1 spectre_v2 spec_store_bypass
bogomips	: 6184.54
clflush size	: 64
cache_alignment	: 64
address sizes	: 36 bits physical, 48 bits virtual
power management:

processor	: 1
vendor_id	: GenuineIntel
cpu family	: 6
model		: 42
model name	: Intel(R) Core(TM) i5-2400 CPU @ 3.10GHz
stepping	: 7
microcode	: 0x2d
cpu MHz		: 3260.207
cache size	: 6144 KB
physical id	: 0
siblings	: 4
core id		: 1
cpu cores	: 4
apicid		: 2
initial apicid	: 2
fpu		: yes
fpu_exception	: yes
cpuid level	: 13
wp		: yes
flags		: fpu vme de pse tsc msr pae mce cx8 apic sep mtrr pge mca cmov pat pse36 clflush dts acpi mmx fxsr sse sse2 ss ht tm pbe syscall nx rdtscp lm constant_tsc arch_perfmon pebs bts rep_good nopl xtopology nonstop_tsc aperfmperf eagerfpu pni pclmulqdq dtes64 monitor ds_cpl vmx smx est tm2 ssse3 cx16 xtpr pdcm pcid sse4_1 sse4_2 x2apic popcnt tsc_deadline_timer aes xsave avx lahf_lm epb ibrs ibpb stibp kaiser tpr_shadow vnmi flexpriority ept vpid xsaveopt dtherm ida arat pln pts
bugs		: cpu_meltdown spectre_v1 spectre_v2 spec_store_bypass
bogomips	: 6184.54
clflush size	: 64
cache_alignment	: 64
address sizes	: 36 bits physical, 48 bits virtual
power management:

processor	: 2
vendor_id	: GenuineIntel
cpu family	: 6
model		: 42
model name	: Intel(R) Core(TM) i5-2400 CPU @ 3.10GHz
stepping	: 7
microcode	: 0x2d
cpu MHz		: 3199.902
cache size	: 6144 KB
physical id	: 0
siblings	: 4
core id		: 2
cpu cores	: 4
apicid		: 4
initial apicid	: 4
fpu		: yes
fpu_exception	: yes
cpuid level	: 13
wp		: yes
flags		: fpu vme de pse tsc msr pae mce cx8 apic sep mtrr pge mca cmov pat pse36 clflush dts acpi mmx fxsr sse sse2 ss ht tm pbe syscall nx rdtscp lm constant_tsc arch_perfmon pebs bts rep_good nopl xtopology nonstop_tsc aperfmperf eagerfpu pni pclmulqdq dtes64 monitor ds_cpl vmx smx est tm2 ssse3 cx16 xtpr pdcm pcid sse4_1 sse4_2 x2apic popcnt tsc_deadline_timer aes xsave avx lahf_lm epb ibrs ibpb stibp kaiser tpr_shadow vnmi flexpriority ept vpid xsaveopt dtherm ida arat pln pts
bugs		: cpu_meltdown spectre_v1 spectre_v2 spec_store_bypass
bogomips	: 6184.54
clflush size	: 64
cache_alignment	: 64
address sizes	: 36 bits physical, 48 bits virtual
power management:

processor	: 3
vendor_id	: GenuineIntel
cpu family	: 6
model		: 42
model name	: Intel(R) Core(TM) i5-2400 CPU @ 3.10GHz
stepping	: 7
microcode	: 0x2d
cpu MHz		: 3239.257
cache size	: 6144 KB
physical id	: 0
siblings	: 4
core id		: 3
cpu cores	: 4
apicid		: 6
initial apicid	: 6
fpu		: yes
fpu_exception	: yes
cpuid level	: 13
wp		: yes
flags		: fpu vme de pse tsc msr pae mce cx8 apic sep mtrr pge mca cmov pat pse36 clflush dts acpi mmx fxsr sse sse2 ss ht tm pbe syscall nx rdtscp lm constant_tsc arch_perfmon pebs bts rep_good nopl xtopology nonstop_tsc aperfmperf eagerfpu pni pclmulqdq dtes64 monitor ds_cpl vmx smx est tm2 ssse3 cx16 xtpr pdcm pcid sse4_1 sse4_2 x2apic popcnt tsc_deadline_timer aes xsave avx lahf_lm epb ibrs ibpb stibp kaiser tpr_shadow vnmi flexpriority ept vpid xsaveopt dtherm ida arat pln pts
bugs		: cpu_meltdown spectre_v1 spectre_v2 spec_store_bypass
bogomips	: 6184.54
clflush size	: 64
cache_alignment	: 64
address sizes	: 36 bits physical, 48 bits virtual
power management:



Memory: 4k page, physical 16317636k(3324908k free), swap 16661500k(16661500k free)

vm_info: OpenJDK 64-Bit Server VM (25.152-b01) for linux-amd64 JRE (1.8.0_152-release-1024-b01), built by "builder" with gcc 4.8.4

time: Wed Jun 27 19:09:23 2018
elapsed time: 2 seconds (0d 0h 0m 2s)

